Using pre-set license
Built from '2020.3/release' branch; Version is '2020.3.34f1 (9a4c9c70452b) revision 10112156'; Using compiler version '192528614'; Build Type 'Release'
OS: 'Windows 10  (10.0.19045) 64bit Education' Language: 'fr' Physical Memory: 16214 MB
BatchMode: 1, IsHumanControllingUs: 0, StartBugReporterOnCrash: 0, Is64bit: 1, IsPro: 0

COMMAND LINE ARGUMENTS:
C:\Unity 2020.3.34f1\Editor\2020.3.34f1\Editor\Unity.exe
-adb2
-batchMode
-noUpm
-name
AssetImportWorker0
-projectPath
C:/Users/TEMP/Downloads/TrashPorter/TrashPorter
-logFile
Logs/AssetImportWorker0.log
-srvPort
60774
Successfully changed project path to: C:/Users/TEMP/Downloads/TrashPorter/TrashPorter
C:/Users/TEMP/Downloads/TrashPorter/TrashPorter
Using Asset Import Pipeline V2.
Refreshing native plugins compatible for Editor in 86.45 ms, found 2 plugins.
Preloading 0 native plugins for Editor in 0.00 ms.
Initialize engine version: 2020.3.34f1 (9a4c9c70452b)
[Subsystems] Discovering subsystems at path C:/Unity 2020.3.34f1/Editor/2020.3.34f1/Editor/Data/Resources/UnitySubsystems
[Subsystems] Discovering subsystems at path C:/Users/TEMP/Downloads/TrashPorter/TrashPorter/Assets
GfxDevice: creating device client; threaded=0
Direct3D:
    Version:  Direct3D 11.0 [level 11.1]
    Renderer: NVIDIA GeForce RTX 3060 (ID=0x2504)
    Vendor:   
    VRAM:     12115 MB
    Driver:   32.0.15.5599
Initialize mono
Mono path[0] = 'C:/Unity 2020.3.34f1/Editor/2020.3.34f1/Editor/Data/Managed'
Mono path[1] = 'C:/Unity 2020.3.34f1/Editor/2020.3.34f1/Editor/Data/MonoBleedingEdge/lib/mono/unityjit'
Mono config path = 'C:/Unity 2020.3.34f1/Editor/2020.3.34f1/Editor/Data/MonoBleedingEdge/etc'
Using monoOptions --debugger-agent=transport=dt_socket,embedding=1,server=y,suspend=n,address=127.0.0.1:56216
Begin MonoManager ReloadAssembly
Registering precompiled unity dll's ...
Register platform support module: C:/Unity 2020.3.34f1/Editor/2020.3.34f1/Editor/Data/PlaybackEngines/WindowsStandaloneSupport/UnityEditor.WindowsStandalone.Extensions.dll
Registered in 0.001494 seconds.
Native extension for WindowsStandalone target not found
Refreshing native plugins compatible for Editor in 30.21 ms, found 2 plugins.
Preloading 0 native plugins for Editor in 0.00 ms.
Mono: successfully reloaded assembly
- Completed reload, in  0.553 seconds
Domain Reload Profiling:
	ReloadAssembly (553ms)
		BeginReloadAssembly (93ms)
			ExecutionOrderSort (0ms)
			DisableScriptedObjects (0ms)
			BackupInstance (0ms)
			ReleaseScriptingObjects (0ms)
			CreateAndSetChildDomain (1ms)
		EndReloadAssembly (402ms)
			LoadAssemblies (96ms)
			RebuildTransferFunctionScriptingTraits (0ms)
			SetupTypeCache (127ms)
			ReleaseScriptCaches (0ms)
			RebuildScriptCaches (27ms)
			SetupLoadedEditorAssemblies (137ms)
				LogAssemblyErrors (0ms)
				InitializePlatformSupportModulesInManaged (3ms)
				SetLoadedEditorAssemblies (0ms)
				RefreshPlugins (30ms)
				BeforeProcessingInitializeOnLoad (7ms)
				ProcessInitializeOnLoadAttributes (70ms)
				ProcessInitializeOnLoadMethodAttributes (26ms)
				AfterProcessingInitializeOnLoad (0ms)
				EditorAssembliesLoaded (0ms)
			ExecutionOrderSort2 (0ms)
			AwakeInstancesAfterBackupRestoration (0ms)
Platform modules already initialized, skipping
Registering precompiled user dll's ...
Registered in 0.003940 seconds.
Begin MonoManager ReloadAssembly
Native extension for WindowsStandalone target not found
Refreshing native plugins compatible for Editor in 0.36 ms, found 2 plugins.
Preloading 0 native plugins for Editor in 0.00 ms.
[Build Check] RegisterBuildPlayerHandler,Already Do not show: False
UnityEngine.StackTraceUtility:ExtractStackTrace ()
UnityEngine.DebugLogHandler:LogFormat (UnityEngine.LogType,UnityEngine.Object,string,object[])
UnityEngine.Logger:Log (UnityEngine.LogType,object)
UnityEngine.Debug:Log (object)
Unity.XR.PXR.Editor.PXR_SDKBuildCheck:.cctor () (at C:/Users/yassi/Desktop/APP5/unity/TrashPorter/PicoXR_Platform_SDK-1.2.5_B81/Editor/PXR_SDKBuildCheck.cs:35)
System.Runtime.CompilerServices.RuntimeHelpers:RunClassConstructor (System.RuntimeTypeHandle)
UnityEditor.EditorAssemblies:ProcessInitializeOnLoadAttributes (System.Type[])

(Filename: C:/Users/yassi/Desktop/APP5/unity/TrashPorter/PicoXR_Platform_SDK-1.2.5_B81/Editor/PXR_SDKBuildCheck.cs Line: 35)

Mono: successfully reloaded assembly
- Completed reload, in  0.986 seconds
Domain Reload Profiling:
	ReloadAssembly (988ms)
		BeginReloadAssembly (160ms)
			ExecutionOrderSort (0ms)
			DisableScriptedObjects (4ms)
			BackupInstance (0ms)
			ReleaseScriptingObjects (0ms)
			CreateAndSetChildDomain (17ms)
		EndReloadAssembly (781ms)
			LoadAssemblies (195ms)
			RebuildTransferFunctionScriptingTraits (0ms)
			SetupTypeCache (234ms)
			ReleaseScriptCaches (0ms)
			RebuildScriptCaches (38ms)
			SetupLoadedEditorAssemblies (277ms)
				LogAssemblyErrors (0ms)
				InitializePlatformSupportModulesInManaged (4ms)
				SetLoadedEditorAssemblies (0ms)
				RefreshPlugins (1ms)
				BeforeProcessingInitializeOnLoad (49ms)
				ProcessInitializeOnLoadAttributes (206ms)
				ProcessInitializeOnLoadMethodAttributes (14ms)
				AfterProcessingInitializeOnLoad (3ms)
				EditorAssembliesLoaded (0ms)
			ExecutionOrderSort2 (0ms)
			AwakeInstancesAfterBackupRestoration (2ms)
Platform modules already initialized, skipping
========================================================================
Worker process is ready to serve import requests
Launched and connected shader compiler UnityShaderCompiler.exe after 0.14 seconds
Refreshing native plugins compatible for Editor in 0.64 ms, found 2 plugins.
Preloading 0 native plugins for Editor in 0.00 ms.
Unloading 1772 Unused Serialized files (Serialized files now loaded: 0)
System memory in use before: 81.0 MB.
System memory in use after: 81.1 MB.

Unloading 19 unused Assets to reduce memory usage. Loaded Objects now: 2213.
Total: 2.589500 ms (FindLiveObjects: 0.112600 ms CreateObjectMapping: 0.045500 ms MarkObjects: 2.359400 ms  DeleteObjects: 0.071200 ms)

AssetImportParameters requested are different than current active one (requested -> active):
  custom:framework-win-MediaFoundation: 216162199b28c13a410421893ffa2e32 -> 
  custom:video-decoder-ogg-theora: a1e56fd34408186e4bbccfd4996cb3dc -> 
  custom:container-muxer-webm: aa71ff27fc2769a1b78a27578f13a17b -> 
  custom:container-demuxer-webm: 4f35f7cbe854078d1ac9338744f61a02 -> 
  custom:container-demuxer-ogg: 62fdf1f143b41e24485cea50d1cbac27 -> 
  custom:video-encoder-webm-vp8: eb34c28f22e8b96e1ab97ce403110664 -> 
  custom:video-decoder-webm-vp8: 9c59270c3fd7afecdb556c50c9e8de78 -> 
  custom:audio-decoder-ogg-vorbis: bf7c407c2cedff20999df2af8eb42d56 -> 
  custom:audio-encoder-webm-vorbis: bf7c407c2cedff20999df2af8eb42d56 -> 
========================================================================
Received Import Request.
  path: Assets/Poubelle/textura_Papel.jpg
  artifactKey: Guid(bdd5771ae2d15de49aa50af3caf5e0e6) Importer(815301076,1909f56bfc062723c751e8b465ee728b)
Start importing Assets/Poubelle/textura_Papel.jpg using Guid(bdd5771ae2d15de49aa50af3caf5e0e6) Importer(815301076,1909f56bfc062723c751e8b465ee728b)  -> (artifact id: '3dd6bcd3323d8cb59052fe8d6d9cc8dd') in 0.087529 seconds 
========================================================================
Received Prepare
Registering precompiled user dll's ...
Registered in 0.003749 seconds.
Begin MonoManager ReloadAssembly
Native extension for WindowsStandalone target not found
Refreshing native plugins compatible for Editor in 0.37 ms, found 2 plugins.
Preloading 0 native plugins for Editor in 0.00 ms.
[Build Check] RegisterBuildPlayerHandler,Already Do not show: False
UnityEngine.StackTraceUtility:ExtractStackTrace ()
UnityEngine.DebugLogHandler:LogFormat (UnityEngine.LogType,UnityEngine.Object,string,object[])
UnityEngine.Logger:Log (UnityEngine.LogType,object)
UnityEngine.Debug:Log (object)
Unity.XR.PXR.Editor.PXR_SDKBuildCheck:.cctor () (at C:/Users/TEMP/Downloads/PicoXR_Platform_SDK-1.2.5_B81/Editor/PXR_SDKBuildCheck.cs:35)
System.Runtime.CompilerServices.RuntimeHelpers:RunClassConstructor (System.RuntimeTypeHandle)
UnityEditor.EditorAssemblies:ProcessInitializeOnLoadAttributes (System.Type[])

(Filename: C:/Users/TEMP/Downloads/PicoXR_Platform_SDK-1.2.5_B81/Editor/PXR_SDKBuildCheck.cs Line: 35)

Mono: successfully reloaded assembly
- Completed reload, in  0.843 seconds
Domain Reload Profiling:
	ReloadAssembly (844ms)
		BeginReloadAssembly (133ms)
			ExecutionOrderSort (0ms)
			DisableScriptedObjects (4ms)
			BackupInstance (0ms)
			ReleaseScriptingObjects (0ms)
			CreateAndSetChildDomain (28ms)
		EndReloadAssembly (664ms)
			LoadAssemblies (125ms)
			RebuildTransferFunctionScriptingTraits (0ms)
			SetupTypeCache (225ms)
			ReleaseScriptCaches (1ms)
			RebuildScriptCaches (32ms)
			SetupLoadedEditorAssemblies (252ms)
				LogAssemblyErrors (0ms)
				InitializePlatformSupportModulesInManaged (3ms)
				SetLoadedEditorAssemblies (0ms)
				RefreshPlugins (1ms)
				BeforeProcessingInitializeOnLoad (44ms)
				ProcessInitializeOnLoadAttributes (187ms)
				ProcessInitializeOnLoadMethodAttributes (14ms)
				AfterProcessingInitializeOnLoad (3ms)
				EditorAssembliesLoaded (0ms)
			ExecutionOrderSort2 (0ms)
			AwakeInstancesAfterBackupRestoration (2ms)
Platform modules already initialized, skipping
Refreshing native plugins compatible for Editor in 0.43 ms, found 2 plugins.
Preloading 0 native plugins for Editor in 0.00 ms.
Unloading 1743 Unused Serialized files (Serialized files now loaded: 0)
System memory in use before: 79.1 MB.
System memory in use after: 79.2 MB.

Unloading 14 unused Assets to reduce memory usage. Loaded Objects now: 2219.
Total: 2.585100 ms (FindLiveObjects: 0.128800 ms CreateObjectMapping: 0.048100 ms MarkObjects: 2.359600 ms  DeleteObjects: 0.047900 ms)

AssetImportParameters requested are different than current active one (requested -> active):
  custom:framework-win-MediaFoundation: 216162199b28c13a410421893ffa2e32 -> 
  custom:video-decoder-ogg-theora: a1e56fd34408186e4bbccfd4996cb3dc -> 
  custom:container-muxer-webm: aa71ff27fc2769a1b78a27578f13a17b -> 
  custom:container-demuxer-webm: 4f35f7cbe854078d1ac9338744f61a02 -> 
  custom:container-demuxer-ogg: 62fdf1f143b41e24485cea50d1cbac27 -> 
  custom:video-encoder-webm-vp8: eb34c28f22e8b96e1ab97ce403110664 -> 
  custom:video-decoder-webm-vp8: 9c59270c3fd7afecdb556c50c9e8de78 -> 
  custom:audio-decoder-ogg-vorbis: bf7c407c2cedff20999df2af8eb42d56 -> 
  custom:audio-encoder-webm-vorbis: bf7c407c2cedff20999df2af8eb42d56 -> 
========================================================================
Received Prepare
Registering precompiled user dll's ...
Registered in 0.003613 seconds.
Begin MonoManager ReloadAssembly
Native extension for WindowsStandalone target not found
Refreshing native plugins compatible for Editor in 0.47 ms, found 2 plugins.
Preloading 0 native plugins for Editor in 0.00 ms.
[Build Check] RegisterBuildPlayerHandler,Already Do not show: False
UnityEngine.StackTraceUtility:ExtractStackTrace ()
UnityEngine.DebugLogHandler:LogFormat (UnityEngine.LogType,UnityEngine.Object,string,object[])
UnityEngine.Logger:Log (UnityEngine.LogType,object)
UnityEngine.Debug:Log (object)
Unity.XR.PXR.Editor.PXR_SDKBuildCheck:.cctor () (at C:/Users/TEMP/Downloads/PicoXR_Platform_SDK-1.2.5_B81/Editor/PXR_SDKBuildCheck.cs:35)
System.Runtime.CompilerServices.RuntimeHelpers:RunClassConstructor (System.RuntimeTypeHandle)
UnityEditor.EditorAssemblies:ProcessInitializeOnLoadAttributes (System.Type[])

(Filename: C:/Users/TEMP/Downloads/PicoXR_Platform_SDK-1.2.5_B81/Editor/PXR_SDKBuildCheck.cs Line: 35)

Mono: successfully reloaded assembly
- Completed reload, in  0.949 seconds
Domain Reload Profiling:
	ReloadAssembly (950ms)
		BeginReloadAssembly (134ms)
			ExecutionOrderSort (0ms)
			DisableScriptedObjects (7ms)
			BackupInstance (0ms)
			ReleaseScriptingObjects (0ms)
			CreateAndSetChildDomain (28ms)
		EndReloadAssembly (770ms)
			LoadAssemblies (126ms)
			RebuildTransferFunctionScriptingTraits (0ms)
			SetupTypeCache (254ms)
			ReleaseScriptCaches (1ms)
			RebuildScriptCaches (40ms)
			SetupLoadedEditorAssemblies (271ms)
				LogAssemblyErrors (0ms)
				InitializePlatformSupportModulesInManaged (4ms)
				SetLoadedEditorAssemblies (1ms)
				RefreshPlugins (1ms)
				BeforeProcessingInitializeOnLoad (47ms)
				ProcessInitializeOnLoadAttributes (200ms)
				ProcessInitializeOnLoadMethodAttributes (16ms)
				AfterProcessingInitializeOnLoad (3ms)
				EditorAssembliesLoaded (0ms)
			ExecutionOrderSort2 (0ms)
			AwakeInstancesAfterBackupRestoration (3ms)
Platform modules already initialized, skipping
Switching build target platform(19) subTarget(0) extendedPlatform(0) -> platform(13) subTarget(537395200) extendedPlatform(0)
Refreshing native plugins compatible for Editor in 0.40 ms, found 2 plugins.
Preloading 0 native plugins for Editor in 0.00 ms.
Unloading 1747 Unused Serialized files (Serialized files now loaded: 0)
System memory in use before: 78.7 MB.
System memory in use after: 78.8 MB.

Unloading 14 unused Assets to reduce memory usage. Loaded Objects now: 2223.
Total: 2.428400 ms (FindLiveObjects: 0.129600 ms CreateObjectMapping: 0.043700 ms MarkObjects: 2.206800 ms  DeleteObjects: 0.047700 ms)

AssetImportParameters requested are different than current active one (requested -> active):
  custom:framework-win-MediaFoundation: 216162199b28c13a410421893ffa2e32 -> 
  custom:video-decoder-ogg-theora: a1e56fd34408186e4bbccfd4996cb3dc -> 
  custom:container-muxer-webm: aa71ff27fc2769a1b78a27578f13a17b -> 
  custom:container-demuxer-webm: 4f35f7cbe854078d1ac9338744f61a02 -> 
  custom:container-demuxer-ogg: 62fdf1f143b41e24485cea50d1cbac27 -> 
  custom:video-encoder-webm-vp8: eb34c28f22e8b96e1ab97ce403110664 -> 
  custom:video-decoder-webm-vp8: 9c59270c3fd7afecdb556c50c9e8de78 -> 
  custom:graphics/normal-map-encoding: 01000000000000000000000000000000 -> 02000000000000000000000000000000
  custom:audio-decoder-ogg-vorbis: bf7c407c2cedff20999df2af8eb42d56 -> 
  custom:audio-encoder-webm-vorbis: bf7c407c2cedff20999df2af8eb42d56 -> 
========================================================================
Received Prepare
Refreshing native plugins compatible for Editor in 3.56 ms, found 2 plugins.
Preloading 0 native plugins for Editor in 0.00 ms.
Unloading 10 Unused Serialized files (Serialized files now loaded: 0)
System memory in use before: 44.3 MB.
System memory in use after: 44.4 MB.

Unloading 10 unused Assets to reduce memory usage. Loaded Objects now: 2223.
Total: 3.093200 ms (FindLiveObjects: 0.134800 ms CreateObjectMapping: 0.050500 ms MarkObjects: 2.844800 ms  DeleteObjects: 0.062300 ms)

AssetImportParameters requested are different than current active one (requested -> active):
  custom:framework-win-MediaFoundation: 216162199b28c13a410421893ffa2e32 -> 
  custom:video-decoder-ogg-theora: a1e56fd34408186e4bbccfd4996cb3dc -> 
  custom:container-muxer-webm: aa71ff27fc2769a1b78a27578f13a17b -> 
  custom:container-demuxer-webm: 4f35f7cbe854078d1ac9338744f61a02 -> 
  custom:container-demuxer-ogg: 62fdf1f143b41e24485cea50d1cbac27 -> 
  custom:video-encoder-webm-vp8: eb34c28f22e8b96e1ab97ce403110664 -> 
  custom:video-decoder-webm-vp8: 9c59270c3fd7afecdb556c50c9e8de78 -> 
  custom:audio-decoder-ogg-vorbis: bf7c407c2cedff20999df2af8eb42d56 -> 
  custom:audio-encoder-webm-vorbis: bf7c407c2cedff20999df2af8eb42d56 -> 
========================================================================
Received Import Request.
  Time since last request: 261.551395 seconds.
  path: Assets/Recyclage/Lever_BaseColor.png
  artifactKey: Guid(88fb569ef4f3a3a459c6b766aef5f6a2) Importer(815301076,1909f56bfc062723c751e8b465ee728b)
Start importing Assets/Recyclage/Lever_BaseColor.png using Guid(88fb569ef4f3a3a459c6b766aef5f6a2) Importer(815301076,1909f56bfc062723c751e8b465ee728b)  -> (artifact id: 'cb362a2ff379388f1ae0aa8ca0091f38') in 0.115049 seconds 
========================================================================
Received Import Request.
  Time since last request: 0.000521 seconds.
  path: Assets/Recyclage/OverflowPipe_UV_OverflowPipeMat_BaseColor.png
  artifactKey: Guid(0e80e3952fede574da53c9712f317767) Importer(815301076,1909f56bfc062723c751e8b465ee728b)
Start importing Assets/Recyclage/OverflowPipe_UV_OverflowPipeMat_BaseColor.png using Guid(0e80e3952fede574da53c9712f317767) Importer(815301076,1909f56bfc062723c751e8b465ee728b)  -> (artifact id: '592398eb23d5b654c39ac0cf80dba1fa') in 0.068262 seconds 
========================================================================
Received Import Request.
  Time since last request: 0.000465 seconds.
  path: Assets/Recyclage/Lever_Normal.png
  artifactKey: Guid(6ecaf68897a8c0048b4ae5cb4a9e71fe) Importer(815301076,1909f56bfc062723c751e8b465ee728b)
Start importing Assets/Recyclage/Lever_Normal.png using Guid(6ecaf68897a8c0048b4ae5cb4a9e71fe) Importer(815301076,1909f56bfc062723c751e8b465ee728b)  -> (artifact id: '4b8d44091b3b778848c18305970ab8af') in 0.055397 seconds 
========================================================================
Received Import Request.
  Time since last request: 0.000446 seconds.
  path: Assets/Recyclage/Lever_Switch_DefaultMaterial_BaseColor.png
  artifactKey: Guid(9297ca2562dab2d439005ce6d01019ab) Importer(815301076,1909f56bfc062723c751e8b465ee728b)
Start importing Assets/Recyclage/Lever_Switch_DefaultMaterial_BaseColor.png using Guid(9297ca2562dab2d439005ce6d01019ab) Importer(815301076,1909f56bfc062723c751e8b465ee728b)  -> (artifact id: '52005874351299cd4e0cabc2bbbe8e7b') in 0.064715 seconds 
========================================================================
Received Prepare
Switching build target platform(13) subTarget(537395200) extendedPlatform(0) -> platform(13) subTarget(524288) extendedPlatform(0)
Refreshing native plugins compatible for Editor in 3.50 ms, found 2 plugins.
Preloading 0 native plugins for Editor in 0.00 ms.
Unloading 10 Unused Serialized files (Serialized files now loaded: 0)
System memory in use before: 44.4 MB.
System memory in use after: 44.5 MB.

Unloading 10 unused Assets to reduce memory usage. Loaded Objects now: 2223.
Total: 2.732300 ms (FindLiveObjects: 0.120800 ms CreateObjectMapping: 0.044200 ms MarkObjects: 2.530000 ms  DeleteObjects: 0.036800 ms)

AssetImportParameters requested are different than current active one (requested -> active):
  buildTarget: platform 13, subtarget 524288, extendedPlatform 0 -> platform 13, subtarget 537395200, extendedPlatform 0
  graphicsApiMask: 2048 -> 2099200
  custom:framework-win-MediaFoundation: 216162199b28c13a410421893ffa2e32 -> 
  custom:video-decoder-ogg-theora: a1e56fd34408186e4bbccfd4996cb3dc -> 
  custom:container-muxer-webm: aa71ff27fc2769a1b78a27578f13a17b -> 
  custom:container-demuxer-webm: 4f35f7cbe854078d1ac9338744f61a02 -> 
  custom:container-demuxer-ogg: 62fdf1f143b41e24485cea50d1cbac27 -> 
  custom:video-encoder-webm-vp8: eb34c28f22e8b96e1ab97ce403110664 -> 
  custom:video-decoder-webm-vp8: 9c59270c3fd7afecdb556c50c9e8de78 -> 
  custom:audio-decoder-ogg-vorbis: bf7c407c2cedff20999df2af8eb42d56 -> 
  custom:audio-encoder-webm-vorbis: bf7c407c2cedff20999df2af8eb42d56 -> 
========================================================================
Received Import Request.
  Time since last request: 189.209646 seconds.
  path: Assets/Recyclage/Lever_BaseColor.png
  artifactKey: Guid(88fb569ef4f3a3a459c6b766aef5f6a2) Importer(815301076,1909f56bfc062723c751e8b465ee728b)
Start importing Assets/Recyclage/Lever_BaseColor.png using Guid(88fb569ef4f3a3a459c6b766aef5f6a2) Importer(815301076,1909f56bfc062723c751e8b465ee728b)  -> (artifact id: '5aded40074d96ff936363098a620b1c8') in 0.056797 seconds 
========================================================================
Received Import Request.
  Time since last request: 0.000593 seconds.
  path: Assets/Recyclage/OverflowPipe_UV_OverflowPipeMat_BaseColor.png
  artifactKey: Guid(0e80e3952fede574da53c9712f317767) Importer(815301076,1909f56bfc062723c751e8b465ee728b)
Start importing Assets/Recyclage/OverflowPipe_UV_OverflowPipeMat_BaseColor.png using Guid(0e80e3952fede574da53c9712f317767) Importer(815301076,1909f56bfc062723c751e8b465ee728b)  -> (artifact id: '43c909b3e984a2f833483cf377a6facb') in 0.059751 seconds 
========================================================================
Received Import Request.
  Time since last request: 0.000492 seconds.
  path: Assets/Recyclage/Lever_Normal.png
  artifactKey: Guid(6ecaf68897a8c0048b4ae5cb4a9e71fe) Importer(815301076,1909f56bfc062723c751e8b465ee728b)
Start importing Assets/Recyclage/Lever_Normal.png using Guid(6ecaf68897a8c0048b4ae5cb4a9e71fe) Importer(815301076,1909f56bfc062723c751e8b465ee728b)  -> (artifact id: 'ce2dd5ae6429b7bbf1a24daa864b8030') in 0.050418 seconds 
========================================================================
Received Import Request.
  Time since last request: 0.000469 seconds.
  path: Assets/Recyclage/Lever_Switch_DefaultMaterial_BaseColor.png
  artifactKey: Guid(9297ca2562dab2d439005ce6d01019ab) Importer(815301076,1909f56bfc062723c751e8b465ee728b)
Start importing Assets/Recyclage/Lever_Switch_DefaultMaterial_BaseColor.png using Guid(9297ca2562dab2d439005ce6d01019ab) Importer(815301076,1909f56bfc062723c751e8b465ee728b)  -> (artifact id: '4008fd38c461617e3b2d409dc0cde1a3') in 0.018080 seconds 
========================================================================
Received Prepare
Refreshing native plugins compatible for Editor in 3.34 ms, found 2 plugins.
Preloading 0 native plugins for Editor in 0.00 ms.
Unloading 10 Unused Serialized files (Serialized files now loaded: 0)
System memory in use before: 44.4 MB.
System memory in use after: 44.5 MB.

Unloading 10 unused Assets to reduce memory usage. Loaded Objects now: 2223.
Total: 2.681000 ms (FindLiveObjects: 0.130900 ms CreateObjectMapping: 0.055800 ms MarkObjects: 2.449200 ms  DeleteObjects: 0.044400 ms)

AssetImportParameters requested are different than current active one (requested -> active):
  custom:framework-win-MediaFoundation: 216162199b28c13a410421893ffa2e32 -> 
  custom:video-decoder-ogg-theora: a1e56fd34408186e4bbccfd4996cb3dc -> 
  custom:container-muxer-webm: aa71ff27fc2769a1b78a27578f13a17b -> 
  custom:container-demuxer-webm: 4f35f7cbe854078d1ac9338744f61a02 -> 
  custom:container-demuxer-ogg: 62fdf1f143b41e24485cea50d1cbac27 -> 
  custom:video-encoder-webm-vp8: eb34c28f22e8b96e1ab97ce403110664 -> 
  custom:video-decoder-webm-vp8: 9c59270c3fd7afecdb556c50c9e8de78 -> 
  custom:audio-decoder-ogg-vorbis: bf7c407c2cedff20999df2af8eb42d56 -> 
  custom:audio-encoder-webm-vorbis: bf7c407c2cedff20999df2af8eb42d56 -> 
========================================================================
Received Import Request.
  Time since last request: 550.714380 seconds.
  path: Assets/Scripts/PlayerMovement.cs
  artifactKey: Guid(594908a4914589a41be1eb53e0a210be) Importer(815301076,1909f56bfc062723c751e8b465ee728b)
Start importing Assets/Scripts/PlayerMovement.cs using Guid(594908a4914589a41be1eb53e0a210be) Importer(815301076,1909f56bfc062723c751e8b465ee728b)  -> (artifact id: 'cf677e13773637bfe894a619f5c5743e') in 0.021060 seconds 
========================================================================
Received Prepare
Registering precompiled user dll's ...
Registered in 0.003694 seconds.
Begin MonoManager ReloadAssembly
Native extension for WindowsStandalone target not found
Refreshing native plugins compatible for Editor in 0.36 ms, found 2 plugins.
Preloading 0 native plugins for Editor in 0.00 ms.
[Build Check] RegisterBuildPlayerHandler,Already Do not show: True
UnityEngine.StackTraceUtility:ExtractStackTrace ()
UnityEngine.DebugLogHandler:LogFormat (UnityEngine.LogType,UnityEngine.Object,string,object[])
UnityEngine.Logger:Log (UnityEngine.LogType,object)
UnityEngine.Debug:Log (object)
Unity.XR.PXR.Editor.PXR_SDKBuildCheck:.cctor () (at C:/Users/TEMP/Downloads/PicoXR_Platform_SDK-1.2.5_B81/Editor/PXR_SDKBuildCheck.cs:35)
System.Runtime.CompilerServices.RuntimeHelpers:RunClassConstructor (System.RuntimeTypeHandle)
UnityEditor.EditorAssemblies:ProcessInitializeOnLoadAttributes (System.Type[])

(Filename: C:/Users/TEMP/Downloads/PicoXR_Platform_SDK-1.2.5_B81/Editor/PXR_SDKBuildCheck.cs Line: 35)

Mono: successfully reloaded assembly
- Completed reload, in  0.845 seconds
Domain Reload Profiling:
	ReloadAssembly (845ms)
		BeginReloadAssembly (131ms)
			ExecutionOrderSort (0ms)
			DisableScriptedObjects (4ms)
			BackupInstance (0ms)
			ReleaseScriptingObjects (0ms)
			CreateAndSetChildDomain (28ms)
		EndReloadAssembly (670ms)
			LoadAssemblies (126ms)
			RebuildTransferFunctionScriptingTraits (0ms)
			SetupTypeCache (216ms)
			ReleaseScriptCaches (1ms)
			RebuildScriptCaches (32ms)
			SetupLoadedEditorAssemblies (248ms)
				LogAssemblyErrors (0ms)
				InitializePlatformSupportModulesInManaged (3ms)
				SetLoadedEditorAssemblies (0ms)
				RefreshPlugins (1ms)
				BeforeProcessingInitializeOnLoad (43ms)
				ProcessInitializeOnLoadAttributes (184ms)
				ProcessInitializeOnLoadMethodAttributes (13ms)
				AfterProcessingInitializeOnLoad (3ms)
				EditorAssembliesLoaded (0ms)
			ExecutionOrderSort2 (0ms)
			AwakeInstancesAfterBackupRestoration (2ms)
Platform modules already initialized, skipping
Switching build target platform(19) subTarget(0) extendedPlatform(0) -> platform(13) subTarget(524288) extendedPlatform(0)
Refreshing native plugins compatible for Editor in 0.42 ms, found 2 plugins.
Preloading 0 native plugins for Editor in 0.00 ms.
Unloading 1748 Unused Serialized files (Serialized files now loaded: 0)
System memory in use before: 78.8 MB.
System memory in use after: 78.9 MB.

Unloading 14 unused Assets to reduce memory usage. Loaded Objects now: 2228.
Total: 2.385300 ms (FindLiveObjects: 0.122100 ms CreateObjectMapping: 0.075900 ms MarkObjects: 2.138700 ms  DeleteObjects: 0.048100 ms)

AssetImportParameters requested are different than current active one (requested -> active):
  custom:framework-win-MediaFoundation: 216162199b28c13a410421893ffa2e32 -> 
  custom:video-decoder-ogg-theora: a1e56fd34408186e4bbccfd4996cb3dc -> 
  custom:container-muxer-webm: aa71ff27fc2769a1b78a27578f13a17b -> 
  custom:container-demuxer-webm: 4f35f7cbe854078d1ac9338744f61a02 -> 
  custom:container-demuxer-ogg: 62fdf1f143b41e24485cea50d1cbac27 -> 
  custom:video-encoder-webm-vp8: eb34c28f22e8b96e1ab97ce403110664 -> 
  custom:video-decoder-webm-vp8: 9c59270c3fd7afecdb556c50c9e8de78 -> 
  custom:graphics/normal-map-encoding: 01000000000000000000000000000000 -> 02000000000000000000000000000000
  custom:audio-decoder-ogg-vorbis: bf7c407c2cedff20999df2af8eb42d56 -> 
  custom:audio-encoder-webm-vorbis: bf7c407c2cedff20999df2af8eb42d56 -> 
========================================================================
Received Import Request.
  Time since last request: 17.467452 seconds.
  path: Assets/Scripts/playerMovement.cs
  artifactKey: Guid(594908a4914589a41be1eb53e0a210be) Importer(815301076,1909f56bfc062723c751e8b465ee728b)
Start importing Assets/Scripts/playerMovement.cs using Guid(594908a4914589a41be1eb53e0a210be) Importer(815301076,1909f56bfc062723c751e8b465ee728b)  -> (artifact id: '92708a75aa1edbcd6eb29a950f75e848') in 0.011249 seconds 
========================================================================
Received Prepare
Registering precompiled user dll's ...
Registered in 0.003782 seconds.
Begin MonoManager ReloadAssembly
Native extension for WindowsStandalone target not found
Refreshing native plugins compatible for Editor in 0.40 ms, found 2 plugins.
Preloading 0 native plugins for Editor in 0.00 ms.
[Build Check] RegisterBuildPlayerHandler,Already Do not show: True
UnityEngine.StackTraceUtility:ExtractStackTrace ()
UnityEngine.DebugLogHandler:LogFormat (UnityEngine.LogType,UnityEngine.Object,string,object[])
UnityEngine.Logger:Log (UnityEngine.LogType,object)
UnityEngine.Debug:Log (object)
Unity.XR.PXR.Editor.PXR_SDKBuildCheck:.cctor () (at C:/Users/TEMP/Downloads/PicoXR_Platform_SDK-1.2.5_B81/Editor/PXR_SDKBuildCheck.cs:35)
System.Runtime.CompilerServices.RuntimeHelpers:RunClassConstructor (System.RuntimeTypeHandle)
UnityEditor.EditorAssemblies:ProcessInitializeOnLoadAttributes (System.Type[])

(Filename: C:/Users/TEMP/Downloads/PicoXR_Platform_SDK-1.2.5_B81/Editor/PXR_SDKBuildCheck.cs Line: 35)

Mono: successfully reloaded assembly
- Completed reload, in  0.837 seconds
Domain Reload Profiling:
	ReloadAssembly (838ms)
		BeginReloadAssembly (125ms)
			ExecutionOrderSort (0ms)
			DisableScriptedObjects (4ms)
			BackupInstance (0ms)
			ReleaseScriptingObjects (0ms)
			CreateAndSetChildDomain (25ms)
		EndReloadAssembly (667ms)
			LoadAssemblies (128ms)
			RebuildTransferFunctionScriptingTraits (0ms)
			SetupTypeCache (223ms)
			ReleaseScriptCaches (1ms)
			RebuildScriptCaches (31ms)
			SetupLoadedEditorAssemblies (243ms)
				LogAssemblyErrors (0ms)
				InitializePlatformSupportModulesInManaged (3ms)
				SetLoadedEditorAssemblies (0ms)
				RefreshPlugins (1ms)
				BeforeProcessingInitializeOnLoad (43ms)
				ProcessInitializeOnLoadAttributes (180ms)
				ProcessInitializeOnLoadMethodAttributes (14ms)
				AfterProcessingInitializeOnLoad (3ms)
				EditorAssembliesLoaded (0ms)
			ExecutionOrderSort2 (0ms)
			AwakeInstancesAfterBackupRestoration (2ms)
Platform modules already initialized, skipping
Switching build target platform(19) subTarget(0) extendedPlatform(0) -> platform(13) subTarget(524288) extendedPlatform(0)
Refreshing native plugins compatible for Editor in 0.39 ms, found 2 plugins.
Preloading 0 native plugins for Editor in 0.00 ms.
Unloading 1748 Unused Serialized files (Serialized files now loaded: 0)
System memory in use before: 78.8 MB.
System memory in use after: 78.9 MB.

Unloading 14 unused Assets to reduce memory usage. Loaded Objects now: 2232.
Total: 2.435500 ms (FindLiveObjects: 0.123300 ms CreateObjectMapping: 0.042100 ms MarkObjects: 2.227000 ms  DeleteObjects: 0.042500 ms)

AssetImportParameters requested are different than current active one (requested -> active):
  custom:framework-win-MediaFoundation: 216162199b28c13a410421893ffa2e32 -> 
  custom:video-decoder-ogg-theora: a1e56fd34408186e4bbccfd4996cb3dc -> 
  custom:container-muxer-webm: aa71ff27fc2769a1b78a27578f13a17b -> 
  custom:container-demuxer-webm: 4f35f7cbe854078d1ac9338744f61a02 -> 
  custom:container-demuxer-ogg: 62fdf1f143b41e24485cea50d1cbac27 -> 
  custom:video-encoder-webm-vp8: eb34c28f22e8b96e1ab97ce403110664 -> 
  custom:video-decoder-webm-vp8: 9c59270c3fd7afecdb556c50c9e8de78 -> 
  custom:graphics/normal-map-encoding: 01000000000000000000000000000000 -> 02000000000000000000000000000000
  custom:audio-decoder-ogg-vorbis: bf7c407c2cedff20999df2af8eb42d56 -> 
  custom:audio-encoder-webm-vorbis: bf7c407c2cedff20999df2af8eb42d56 -> 
========================================================================
Received Prepare
Refreshing native plugins compatible for Editor in 3.40 ms, found 2 plugins.
Preloading 0 native plugins for Editor in 0.00 ms.
Unloading 10 Unused Serialized files (Serialized files now loaded: 0)
System memory in use before: 44.4 MB.
System memory in use after: 44.5 MB.

Unloading 10 unused Assets to reduce memory usage. Loaded Objects now: 2232.
Total: 2.449300 ms (FindLiveObjects: 0.116800 ms CreateObjectMapping: 0.047800 ms MarkObjects: 2.242100 ms  DeleteObjects: 0.042000 ms)

AssetImportParameters requested are different than current active one (requested -> active):
  custom:framework-win-MediaFoundation: 216162199b28c13a410421893ffa2e32 -> 
  custom:video-decoder-ogg-theora: a1e56fd34408186e4bbccfd4996cb3dc -> 
  custom:container-muxer-webm: aa71ff27fc2769a1b78a27578f13a17b -> 
  custom:container-demuxer-webm: 4f35f7cbe854078d1ac9338744f61a02 -> 
  custom:container-demuxer-ogg: 62fdf1f143b41e24485cea50d1cbac27 -> 
  custom:video-encoder-webm-vp8: eb34c28f22e8b96e1ab97ce403110664 -> 
  custom:video-decoder-webm-vp8: 9c59270c3fd7afecdb556c50c9e8de78 -> 
  custom:audio-decoder-ogg-vorbis: bf7c407c2cedff20999df2af8eb42d56 -> 
  custom:audio-encoder-webm-vorbis: bf7c407c2cedff20999df2af8eb42d56 -> 
========================================================================
Received Prepare
Refreshing native plugins compatible for Editor in 3.22 ms, found 2 plugins.
Preloading 0 native plugins for Editor in 0.00 ms.
Unloading 10 Unused Serialized files (Serialized files now loaded: 0)
System memory in use before: 44.4 MB.
System memory in use after: 44.5 MB.

Unloading 10 unused Assets to reduce memory usage. Loaded Objects now: 2232.
Total: 2.468200 ms (FindLiveObjects: 0.126100 ms CreateObjectMapping: 0.044100 ms MarkObjects: 2.256300 ms  DeleteObjects: 0.041200 ms)

AssetImportParameters requested are different than current active one (requested -> active):
  custom:framework-win-MediaFoundation: 216162199b28c13a410421893ffa2e32 -> 
  custom:video-decoder-ogg-theora: a1e56fd34408186e4bbccfd4996cb3dc -> 
  custom:container-muxer-webm: aa71ff27fc2769a1b78a27578f13a17b -> 
  custom:container-demuxer-webm: 4f35f7cbe854078d1ac9338744f61a02 -> 
  custom:container-demuxer-ogg: 62fdf1f143b41e24485cea50d1cbac27 -> 
  custom:video-encoder-webm-vp8: eb34c28f22e8b96e1ab97ce403110664 -> 
  custom:video-decoder-webm-vp8: 9c59270c3fd7afecdb556c50c9e8de78 -> 
  custom:audio-decoder-ogg-vorbis: bf7c407c2cedff20999df2af8eb42d56 -> 
  custom:audio-encoder-webm-vorbis: bf7c407c2cedff20999df2af8eb42d56 -> 
========================================================================
Received Prepare
Refreshing native plugins compatible for Editor in 3.35 ms, found 2 plugins.
Preloading 0 native plugins for Editor in 0.00 ms.
Unloading 10 Unused Serialized files (Serialized files now loaded: 0)
System memory in use before: 44.4 MB.
System memory in use after: 44.5 MB.

Unloading 10 unused Assets to reduce memory usage. Loaded Objects now: 2232.
Total: 2.605200 ms (FindLiveObjects: 0.120100 ms CreateObjectMapping: 0.047500 ms MarkObjects: 2.389300 ms  DeleteObjects: 0.047300 ms)

AssetImportParameters requested are different than current active one (requested -> active):
  custom:framework-win-MediaFoundation: 216162199b28c13a410421893ffa2e32 -> 
  custom:video-decoder-ogg-theora: a1e56fd34408186e4bbccfd4996cb3dc -> 
  custom:container-muxer-webm: aa71ff27fc2769a1b78a27578f13a17b -> 
  custom:container-demuxer-webm: 4f35f7cbe854078d1ac9338744f61a02 -> 
  custom:container-demuxer-ogg: 62fdf1f143b41e24485cea50d1cbac27 -> 
  custom:video-encoder-webm-vp8: eb34c28f22e8b96e1ab97ce403110664 -> 
  custom:video-decoder-webm-vp8: 9c59270c3fd7afecdb556c50c9e8de78 -> 
  custom:audio-decoder-ogg-vorbis: bf7c407c2cedff20999df2af8eb42d56 -> 
  custom:audio-encoder-webm-vorbis: bf7c407c2cedff20999df2af8eb42d56 -> 
========================================================================
Received Import Request.
  Time since last request: 597.256966 seconds.
  path: Assets/Scenes/SampleScene.unity
  artifactKey: Guid(9fc0d4010bbf28b4594072e72b8655ab) Importer(815301076,1909f56bfc062723c751e8b465ee728b)
Start importing Assets/Scenes/SampleScene.unity using Guid(9fc0d4010bbf28b4594072e72b8655ab) Importer(815301076,1909f56bfc062723c751e8b465ee728b)  -> (artifact id: 'a8cb42e48da41a973d979e5ce4243484') in 0.011284 seconds 
========================================================================
Received Import Request.
  Time since last request: 30.655971 seconds.
  path: Assets/Scenes/SampleScene.unity
  artifactKey: Guid(9fc0d4010bbf28b4594072e72b8655ab) Importer(815301076,1909f56bfc062723c751e8b465ee728b)
Start importing Assets/Scenes/SampleScene.unity using Guid(9fc0d4010bbf28b4594072e72b8655ab) Importer(815301076,1909f56bfc062723c751e8b465ee728b)  -> (artifact id: '110484e7c7450694c67da3ae0952391e') in 0.010173 seconds 
========================================================================
Received Import Request.
  Time since last request: 2.042736 seconds.
  path: Assets/Capture d'écran 2025-02-02 170000.png
  artifactKey: Guid(66bc637d3ff212342a54681b1928d7e4) Importer(815301076,1909f56bfc062723c751e8b465ee728b)
Start importing Assets/Capture d'écran 2025-02-02 170000.png using Guid(66bc637d3ff212342a54681b1928d7e4) Importer(815301076,1909f56bfc062723c751e8b465ee728b)  -> (artifact id: '713240373aff30d932f99458f5b17c05') in 0.045474 seconds 
========================================================================
Received Import Request.
  Time since last request: 0.000482 seconds.
  path: Assets/fence.png
  artifactKey: Guid(e362f014fcf9adf4cbd4754108d53f50) Importer(815301076,1909f56bfc062723c751e8b465ee728b)
Start importing Assets/fence.png using Guid(e362f014fcf9adf4cbd4754108d53f50) Importer(815301076,1909f56bfc062723c751e8b465ee728b)  -> (artifact id: '21f85538feca043ada5e4f4d36b5a55b') in 0.056363 seconds 
========================================================================
Received Import Request.
  Time since last request: 0.000464 seconds.
  path: Assets/gnd_alpha.png
  artifactKey: Guid(50507406a0ee53f4594ccc3d015c59b8) Importer(815301076,1909f56bfc062723c751e8b465ee728b)
Start importing Assets/gnd_alpha.png using Guid(50507406a0ee53f4594ccc3d015c59b8) Importer(815301076,1909f56bfc062723c751e8b465ee728b)  -> (artifact id: 'c72169387598c89d295431590874f1d6') in 0.059004 seconds 
========================================================================
Received Import Request.
  Time since last request: 0.000479 seconds.
  path: Assets/gnd_final.png
  artifactKey: Guid(77685afa92c3aa6489c231c7da367dac) Importer(815301076,1909f56bfc062723c751e8b465ee728b)
Start importing Assets/gnd_final.png using Guid(77685afa92c3aa6489c231c7da367dac) Importer(815301076,1909f56bfc062723c751e8b465ee728b)  -> (artifact id: 'fde68f571697d0eeb6043a431ced9a7f') in 0.059491 seconds 
========================================================================
Received Import Request.
  Time since last request: 0.000472 seconds.
  path: Assets/fir_tree.png
  artifactKey: Guid(16af2531604e0a345b0bbe8c93fe1057) Importer(815301076,1909f56bfc062723c751e8b465ee728b)
Start importing Assets/fir_tree.png using Guid(16af2531604e0a345b0bbe8c93fe1057) Importer(815301076,1909f56bfc062723c751e8b465ee728b)  -> (artifact id: 'cf54367d7e7fc8934a097875e30689e2') in 0.059514 seconds 
========================================================================
Received Import Request.
  Time since last request: 0.000461 seconds.
  path: Assets/lowpolyhouse_alpha 1.png
  artifactKey: Guid(500f28a4c59bce04aae85743e149edbf) Importer(815301076,1909f56bfc062723c751e8b465ee728b)
Start importing Assets/lowpolyhouse_alpha 1.png using Guid(500f28a4c59bce04aae85743e149edbf) Importer(815301076,1909f56bfc062723c751e8b465ee728b)  -> (artifact id: '59b31fd57e35fe38a85006becdfe3018') in 0.060214 seconds 
========================================================================
Received Import Request.
  Time since last request: 0.000475 seconds.
  path: Assets/licurici.png
  artifactKey: Guid(8888116e382c74f43a7f72d8fa75ed44) Importer(815301076,1909f56bfc062723c751e8b465ee728b)
Start importing Assets/licurici.png using Guid(8888116e382c74f43a7f72d8fa75ed44) Importer(815301076,1909f56bfc062723c751e8b465ee728b)  -> (artifact id: 'e436146fd8ee022a0d37e9d9f0a56269') in 0.025578 seconds 
========================================================================
Received Import Request.
  Time since last request: 0.000465 seconds.
  path: Assets/welllowpoly_final.png
  artifactKey: Guid(31a87065b31c25549aa5e2716fc5d030) Importer(815301076,1909f56bfc062723c751e8b465ee728b)
Start importing Assets/welllowpoly_final.png using Guid(31a87065b31c25549aa5e2716fc5d030) Importer(815301076,1909f56bfc062723c751e8b465ee728b)  -> (artifact id: '1b02d45464daee21e4a0b92bd9ee0e38') in 0.059463 seconds 
========================================================================
Received Import Request.
  Time since last request: 0.000482 seconds.
  path: Assets/gnd.png
  artifactKey: Guid(bca4a74a640662a4aa3563939014faf8) Importer(815301076,1909f56bfc062723c751e8b465ee728b)
Start importing Assets/gnd.png using Guid(bca4a74a640662a4aa3563939014faf8) Importer(815301076,1909f56bfc062723c751e8b465ee728b)  -> (artifact id: '8aa704a0c90e63117d08b205408fb215') in 0.059218 seconds 
========================================================================
Received Import Request.
  Time since last request: 0.000482 seconds.
  path: Assets/welllowpoly.png
  artifactKey: Guid(a01e1d57523948247862447848527e99) Importer(815301076,1909f56bfc062723c751e8b465ee728b)
Start importing Assets/welllowpoly.png using Guid(a01e1d57523948247862447848527e99) Importer(815301076,1909f56bfc062723c751e8b465ee728b)  -> (artifact id: '7a321a571c1cfd78163e257a533779f2') in 0.079598 seconds 
========================================================================
Received Import Request.
  Time since last request: 0.000475 seconds.
  path: Assets/internal_ground_ao_texture.jpeg
  artifactKey: Guid(c1cf25a3a5152e840be9ac32abfe8b74) Importer(815301076,1909f56bfc062723c751e8b465ee728b)
Start importing Assets/internal_ground_ao_texture.jpeg using Guid(c1cf25a3a5152e840be9ac32abfe8b74) Importer(815301076,1909f56bfc062723c751e8b465ee728b)  -> (artifact id: '0e9d810cfa5de93b8f54aed30b917ab7') in 0.046175 seconds 
========================================================================
Received Import Request.
  Time since last request: 0.000502 seconds.
  path: Assets/lowpolyhouse.png
  artifactKey: Guid(6e32ad7e291c1d34aaf7646334aa2e0b) Importer(815301076,1909f56bfc062723c751e8b465ee728b)
Start importing Assets/lowpolyhouse.png using Guid(6e32ad7e291c1d34aaf7646334aa2e0b) Importer(815301076,1909f56bfc062723c751e8b465ee728b)  -> (artifact id: 'c8c04ff1c45765d36ae5f68ee554f878') in 0.062077 seconds 
========================================================================
Received Import Request.
  Time since last request: 559.831509 seconds.
  path: ProjectSettings/TagManager.asset
  artifactKey: Guid(00000000000000003000000000000000) Importer(815301076,1909f56bfc062723c751e8b465ee728b)
Start importing ProjectSettings/TagManager.asset using Guid(00000000000000003000000000000000) Importer(815301076,1909f56bfc062723c751e8b465ee728b)  -> (artifact id: 'c5e1edd8864f172d87757268965e50e8') in 0.016879 seconds 
========================================================================
Received Prepare
Registering precompiled user dll's ...
Registered in 0.032045 seconds.
Begin MonoManager ReloadAssembly
Native extension for WindowsStandalone target not found
Refreshing native plugins compatible for Editor in 0.37 ms, found 2 plugins.
Preloading 0 native plugins for Editor in 0.00 ms.
[Build Check] RegisterBuildPlayerHandler,Already Do not show: True
UnityEngine.StackTraceUtility:ExtractStackTrace ()
UnityEngine.DebugLogHandler:LogFormat (UnityEngine.LogType,UnityEngine.Object,string,object[])
UnityEngine.Logger:Log (UnityEngine.LogType,object)
UnityEngine.Debug:Log (object)
Unity.XR.PXR.Editor.PXR_SDKBuildCheck:.cctor () (at C:/Users/TEMP/Downloads/PicoXR_Platform_SDK-1.2.5_B81/Editor/PXR_SDKBuildCheck.cs:35)
System.Runtime.CompilerServices.RuntimeHelpers:RunClassConstructor (System.RuntimeTypeHandle)
UnityEditor.EditorAssemblies:ProcessInitializeOnLoadAttributes (System.Type[])

(Filename: C:/Users/TEMP/Downloads/PicoXR_Platform_SDK-1.2.5_B81/Editor/PXR_SDKBuildCheck.cs Line: 35)

Mono: successfully reloaded assembly
- Completed reload, in  0.835 seconds
Domain Reload Profiling:
	ReloadAssembly (836ms)
		BeginReloadAssembly (127ms)
			ExecutionOrderSort (0ms)
			DisableScriptedObjects (4ms)
			BackupInstance (0ms)
			ReleaseScriptingObjects (0ms)
			CreateAndSetChildDomain (26ms)
		EndReloadAssembly (664ms)
			LoadAssemblies (122ms)
			RebuildTransferFunctionScriptingTraits (0ms)
			SetupTypeCache (212ms)
			ReleaseScriptCaches (1ms)
			RebuildScriptCaches (33ms)
			SetupLoadedEditorAssemblies (243ms)
				LogAssemblyErrors (0ms)
				InitializePlatformSupportModulesInManaged (3ms)
				SetLoadedEditorAssemblies (0ms)
				RefreshPlugins (1ms)
				BeforeProcessingInitializeOnLoad (42ms)
				ProcessInitializeOnLoadAttributes (180ms)
				ProcessInitializeOnLoadMethodAttributes (13ms)
				AfterProcessingInitializeOnLoad (3ms)
				EditorAssembliesLoaded (0ms)
			ExecutionOrderSort2 (0ms)
			AwakeInstancesAfterBackupRestoration (2ms)
Platform modules already initialized, skipping
Switching build target platform(19) subTarget(0) extendedPlatform(0) -> platform(13) subTarget(524288) extendedPlatform(0)
Refreshing native plugins compatible for Editor in 0.39 ms, found 2 plugins.
Preloading 0 native plugins for Editor in 0.00 ms.
Unloading 1748 Unused Serialized files (Serialized files now loaded: 0)
System memory in use before: 78.8 MB.
System memory in use after: 78.9 MB.

Unloading 15 unused Assets to reduce memory usage. Loaded Objects now: 2236.
Total: 2.482500 ms (FindLiveObjects: 0.123400 ms CreateObjectMapping: 0.041500 ms MarkObjects: 2.272000 ms  DeleteObjects: 0.045000 ms)

AssetImportParameters requested are different than current active one (requested -> active):
  custom:framework-win-MediaFoundation: 216162199b28c13a410421893ffa2e32 -> 
  custom:video-decoder-ogg-theora: a1e56fd34408186e4bbccfd4996cb3dc -> 
  custom:container-muxer-webm: aa71ff27fc2769a1b78a27578f13a17b -> 
  custom:container-demuxer-webm: 4f35f7cbe854078d1ac9338744f61a02 -> 
  custom:container-demuxer-ogg: 62fdf1f143b41e24485cea50d1cbac27 -> 
  custom:video-encoder-webm-vp8: eb34c28f22e8b96e1ab97ce403110664 -> 
  custom:video-decoder-webm-vp8: 9c59270c3fd7afecdb556c50c9e8de78 -> 
  custom:graphics/normal-map-encoding: 01000000000000000000000000000000 -> 02000000000000000000000000000000
  custom:audio-decoder-ogg-vorbis: bf7c407c2cedff20999df2af8eb42d56 -> 
  custom:audio-encoder-webm-vorbis: bf7c407c2cedff20999df2af8eb42d56 -> 
========================================================================
Received Import Request.
  Time since last request: 235.657450 seconds.
  path: Assets/Scripts/PlayerMovement.cs
  artifactKey: Guid(594908a4914589a41be1eb53e0a210be) Importer(815301076,1909f56bfc062723c751e8b465ee728b)
Start importing Assets/Scripts/PlayerMovement.cs using Guid(594908a4914589a41be1eb53e0a210be) Importer(815301076,1909f56bfc062723c751e8b465ee728b)  -> (artifact id: 'b67c10b8a4c672bc51e9bd86cc595a5f') in 0.011722 seconds 
========================================================================
Received Import Request.
  Time since last request: 264.241343 seconds.
  path: Assets/Scripts/PlayerMovement.cs
  artifactKey: Guid(594908a4914589a41be1eb53e0a210be) Importer(815301076,1909f56bfc062723c751e8b465ee728b)
Start importing Assets/Scripts/PlayerMovement.cs using Guid(594908a4914589a41be1eb53e0a210be) Importer(815301076,1909f56bfc062723c751e8b465ee728b)  -> (artifact id: '2ce74b1d053f4ace379253a7ade2c081') in 0.010103 seconds 
========================================================================
Received Prepare
Registering precompiled user dll's ...
Registered in 0.004061 seconds.
Begin MonoManager ReloadAssembly
Native extension for WindowsStandalone target not found
Refreshing native plugins compatible for Editor in 0.37 ms, found 2 plugins.
Preloading 0 native plugins for Editor in 0.00 ms.
[Build Check] RegisterBuildPlayerHandler,Already Do not show: True
UnityEngine.StackTraceUtility:ExtractStackTrace ()
UnityEngine.DebugLogHandler:LogFormat (UnityEngine.LogType,UnityEngine.Object,string,object[])
UnityEngine.Logger:Log (UnityEngine.LogType,object)
UnityEngine.Debug:Log (object)
Unity.XR.PXR.Editor.PXR_SDKBuildCheck:.cctor () (at C:/Users/TEMP/Downloads/PicoXR_Platform_SDK-1.2.5_B81/Editor/PXR_SDKBuildCheck.cs:35)
System.Runtime.CompilerServices.RuntimeHelpers:RunClassConstructor (System.RuntimeTypeHandle)
UnityEditor.EditorAssemblies:ProcessInitializeOnLoadAttributes (System.Type[])

(Filename: C:/Users/TEMP/Downloads/PicoXR_Platform_SDK-1.2.5_B81/Editor/PXR_SDKBuildCheck.cs Line: 35)

Mono: successfully reloaded assembly
- Completed reload, in  0.841 seconds
Domain Reload Profiling:
	ReloadAssembly (841ms)
		BeginReloadAssembly (126ms)
			ExecutionOrderSort (0ms)
			DisableScriptedObjects (4ms)
			BackupInstance (0ms)
			ReleaseScriptingObjects (0ms)
			CreateAndSetChildDomain (26ms)
		EndReloadAssembly (670ms)
			LoadAssemblies (122ms)
			RebuildTransferFunctionScriptingTraits (0ms)
			SetupTypeCache (218ms)
			ReleaseScriptCaches (1ms)
			RebuildScriptCaches (33ms)
			SetupLoadedEditorAssemblies (248ms)
				LogAssemblyErrors (0ms)
				InitializePlatformSupportModulesInManaged (3ms)
				SetLoadedEditorAssemblies (0ms)
				RefreshPlugins (1ms)
				BeforeProcessingInitializeOnLoad (43ms)
				ProcessInitializeOnLoadAttributes (185ms)
				ProcessInitializeOnLoadMethodAttributes (13ms)
				AfterProcessingInitializeOnLoad (3ms)
				EditorAssembliesLoaded (0ms)
			ExecutionOrderSort2 (0ms)
			AwakeInstancesAfterBackupRestoration (2ms)
Platform modules already initialized, skipping
Switching build target platform(19) subTarget(0) extendedPlatform(0) -> platform(13) subTarget(524288) extendedPlatform(0)
Refreshing native plugins compatible for Editor in 0.39 ms, found 2 plugins.
Preloading 0 native plugins for Editor in 0.00 ms.
Unloading 1748 Unused Serialized files (Serialized files now loaded: 0)
System memory in use before: 78.8 MB.
System memory in use after: 78.9 MB.

Unloading 14 unused Assets to reduce memory usage. Loaded Objects now: 2240.
Total: 2.362700 ms (FindLiveObjects: 0.107100 ms CreateObjectMapping: 0.040900 ms MarkObjects: 2.170300 ms  DeleteObjects: 0.043700 ms)

AssetImportParameters requested are different than current active one (requested -> active):
  custom:framework-win-MediaFoundation: 216162199b28c13a410421893ffa2e32 -> 
  custom:video-decoder-ogg-theora: a1e56fd34408186e4bbccfd4996cb3dc -> 
  custom:container-muxer-webm: aa71ff27fc2769a1b78a27578f13a17b -> 
  custom:container-demuxer-webm: 4f35f7cbe854078d1ac9338744f61a02 -> 
  custom:container-demuxer-ogg: 62fdf1f143b41e24485cea50d1cbac27 -> 
  custom:video-encoder-webm-vp8: eb34c28f22e8b96e1ab97ce403110664 -> 
  custom:video-decoder-webm-vp8: 9c59270c3fd7afecdb556c50c9e8de78 -> 
  custom:graphics/normal-map-encoding: 01000000000000000000000000000000 -> 02000000000000000000000000000000
  custom:audio-decoder-ogg-vorbis: bf7c407c2cedff20999df2af8eb42d56 -> 
  custom:audio-encoder-webm-vorbis: bf7c407c2cedff20999df2af8eb42d56 -> 
========================================================================
Received Import Request.
  Time since last request: 17.565471 seconds.
  path: Assets/Scripts/PlayerMovement.cs
  artifactKey: Guid(594908a4914589a41be1eb53e0a210be) Importer(815301076,1909f56bfc062723c751e8b465ee728b)
Start importing Assets/Scripts/PlayerMovement.cs using Guid(594908a4914589a41be1eb53e0a210be) Importer(815301076,1909f56bfc062723c751e8b465ee728b)  -> (artifact id: '59f23d5ff3b915462d254437821ba1e0') in 0.011044 seconds 
========================================================================
Received Prepare
Registering precompiled user dll's ...
Registered in 0.003697 seconds.
Begin MonoManager ReloadAssembly
Native extension for WindowsStandalone target not found
Refreshing native plugins compatible for Editor in 0.37 ms, found 2 plugins.
Preloading 0 native plugins for Editor in 0.00 ms.
[Build Check] RegisterBuildPlayerHandler,Already Do not show: True
UnityEngine.StackTraceUtility:ExtractStackTrace ()
UnityEngine.DebugLogHandler:LogFormat (UnityEngine.LogType,UnityEngine.Object,string,object[])
UnityEngine.Logger:Log (UnityEngine.LogType,object)
UnityEngine.Debug:Log (object)
Unity.XR.PXR.Editor.PXR_SDKBuildCheck:.cctor () (at C:/Users/TEMP/Downloads/PicoXR_Platform_SDK-1.2.5_B81/Editor/PXR_SDKBuildCheck.cs:35)
System.Runtime.CompilerServices.RuntimeHelpers:RunClassConstructor (System.RuntimeTypeHandle)
UnityEditor.EditorAssemblies:ProcessInitializeOnLoadAttributes (System.Type[])

(Filename: C:/Users/TEMP/Downloads/PicoXR_Platform_SDK-1.2.5_B81/Editor/PXR_SDKBuildCheck.cs Line: 35)

Mono: successfully reloaded assembly
- Completed reload, in  0.838 seconds
Domain Reload Profiling:
	ReloadAssembly (839ms)
		BeginReloadAssembly (130ms)
			ExecutionOrderSort (0ms)
			DisableScriptedObjects (4ms)
			BackupInstance (0ms)
			ReleaseScriptingObjects (0ms)
			CreateAndSetChildDomain (25ms)
		EndReloadAssembly (664ms)
			LoadAssemblies (127ms)
			RebuildTransferFunctionScriptingTraits (0ms)
			SetupTypeCache (216ms)
			ReleaseScriptCaches (1ms)
			RebuildScriptCaches (32ms)
			SetupLoadedEditorAssemblies (244ms)
				LogAssemblyErrors (0ms)
				InitializePlatformSupportModulesInManaged (3ms)
				SetLoadedEditorAssemblies (0ms)
				RefreshPlugins (1ms)
				BeforeProcessingInitializeOnLoad (42ms)
				ProcessInitializeOnLoadAttributes (181ms)
				ProcessInitializeOnLoadMethodAttributes (13ms)
				AfterProcessingInitializeOnLoad (3ms)
				EditorAssembliesLoaded (0ms)
			ExecutionOrderSort2 (0ms)
			AwakeInstancesAfterBackupRestoration (2ms)
Platform modules already initialized, skipping
Switching build target platform(19) subTarget(0) extendedPlatform(0) -> platform(13) subTarget(524288) extendedPlatform(0)
Refreshing native plugins compatible for Editor in 0.40 ms, found 2 plugins.
Preloading 0 native plugins for Editor in 0.00 ms.
Unloading 1747 Unused Serialized files (Serialized files now loaded: 0)
System memory in use before: 78.8 MB.
System memory in use after: 78.9 MB.

Unloading 15 unused Assets to reduce memory usage. Loaded Objects now: 2243.
Total: 2.601200 ms (FindLiveObjects: 0.151700 ms CreateObjectMapping: 0.067800 ms MarkObjects: 2.291900 ms  DeleteObjects: 0.088900 ms)

AssetImportParameters requested are different than current active one (requested -> active):
  custom:framework-win-MediaFoundation: 216162199b28c13a410421893ffa2e32 -> 
  custom:video-decoder-ogg-theora: a1e56fd34408186e4bbccfd4996cb3dc -> 
  custom:container-muxer-webm: aa71ff27fc2769a1b78a27578f13a17b -> 
  custom:container-demuxer-webm: 4f35f7cbe854078d1ac9338744f61a02 -> 
  custom:container-demuxer-ogg: 62fdf1f143b41e24485cea50d1cbac27 -> 
  custom:video-encoder-webm-vp8: eb34c28f22e8b96e1ab97ce403110664 -> 
  custom:video-decoder-webm-vp8: 9c59270c3fd7afecdb556c50c9e8de78 -> 
  custom:graphics/normal-map-encoding: 01000000000000000000000000000000 -> 02000000000000000000000000000000
  custom:audio-decoder-ogg-vorbis: bf7c407c2cedff20999df2af8eb42d56 -> 
  custom:audio-encoder-webm-vorbis: bf7c407c2cedff20999df2af8eb42d56 -> 
========================================================================
Received Import Request.
  Time since last request: 165.270669 seconds.
  path: Assets/Scripts/playerMovement.cs
  artifactKey: Guid(594908a4914589a41be1eb53e0a210be) Importer(815301076,1909f56bfc062723c751e8b465ee728b)
Start importing Assets/Scripts/playerMovement.cs using Guid(594908a4914589a41be1eb53e0a210be) Importer(815301076,1909f56bfc062723c751e8b465ee728b)  -> (artifact id: '130ba59c976f5656e77e0670aec002a0') in 0.012023 seconds 
========================================================================
Received Prepare
Registering precompiled user dll's ...
Registered in 0.004898 seconds.
Begin MonoManager ReloadAssembly
Native extension for WindowsStandalone target not found
Refreshing native plugins compatible for Editor in 0.37 ms, found 2 plugins.
Preloading 0 native plugins for Editor in 0.00 ms.
[Build Check] RegisterBuildPlayerHandler,Already Do not show: True
UnityEngine.StackTraceUtility:ExtractStackTrace ()
UnityEngine.DebugLogHandler:LogFormat (UnityEngine.LogType,UnityEngine.Object,string,object[])
UnityEngine.Logger:Log (UnityEngine.LogType,object)
UnityEngine.Debug:Log (object)
Unity.XR.PXR.Editor.PXR_SDKBuildCheck:.cctor () (at C:/Users/TEMP/Downloads/PicoXR_Platform_SDK-1.2.5_B81/Editor/PXR_SDKBuildCheck.cs:35)
System.Runtime.CompilerServices.RuntimeHelpers:RunClassConstructor (System.RuntimeTypeHandle)
UnityEditor.EditorAssemblies:ProcessInitializeOnLoadAttributes (System.Type[])

(Filename: C:/Users/TEMP/Downloads/PicoXR_Platform_SDK-1.2.5_B81/Editor/PXR_SDKBuildCheck.cs Line: 35)

Mono: successfully reloaded assembly
- Completed reload, in  0.866 seconds
Domain Reload Profiling:
	ReloadAssembly (867ms)
		BeginReloadAssembly (130ms)
			ExecutionOrderSort (0ms)
			DisableScriptedObjects (4ms)
			BackupInstance (0ms)
			ReleaseScriptingObjects (0ms)
			CreateAndSetChildDomain (25ms)
		EndReloadAssembly (692ms)
			LoadAssemblies (126ms)
			RebuildTransferFunctionScriptingTraits (0ms)
			SetupTypeCache (237ms)
			ReleaseScriptCaches (1ms)
			RebuildScriptCaches (34ms)
			SetupLoadedEditorAssemblies (244ms)
				LogAssemblyErrors (0ms)
				InitializePlatformSupportModulesInManaged (3ms)
				SetLoadedEditorAssemblies (0ms)
				RefreshPlugins (1ms)
				BeforeProcessingInitializeOnLoad (43ms)
				ProcessInitializeOnLoadAttributes (180ms)
				ProcessInitializeOnLoadMethodAttributes (13ms)
				AfterProcessingInitializeOnLoad (3ms)
				EditorAssembliesLoaded (0ms)
			ExecutionOrderSort2 (0ms)
			AwakeInstancesAfterBackupRestoration (2ms)
Platform modules already initialized, skipping
Switching build target platform(19) subTarget(0) extendedPlatform(0) -> platform(13) subTarget(524288) extendedPlatform(0)
Refreshing native plugins compatible for Editor in 0.39 ms, found 2 plugins.
Preloading 0 native plugins for Editor in 0.00 ms.
Unloading 1748 Unused Serialized files (Serialized files now loaded: 0)
System memory in use before: 78.9 MB.
System memory in use after: 79.0 MB.

Unloading 14 unused Assets to reduce memory usage. Loaded Objects now: 2248.
Total: 2.553000 ms (FindLiveObjects: 0.120100 ms CreateObjectMapping: 0.041900 ms MarkObjects: 2.347300 ms  DeleteObjects: 0.043200 ms)

AssetImportParameters requested are different than current active one (requested -> active):
  custom:framework-win-MediaFoundation: 216162199b28c13a410421893ffa2e32 -> 
  custom:video-decoder-ogg-theora: a1e56fd34408186e4bbccfd4996cb3dc -> 
  custom:container-muxer-webm: aa71ff27fc2769a1b78a27578f13a17b -> 
  custom:container-demuxer-webm: 4f35f7cbe854078d1ac9338744f61a02 -> 
  custom:container-demuxer-ogg: 62fdf1f143b41e24485cea50d1cbac27 -> 
  custom:video-encoder-webm-vp8: eb34c28f22e8b96e1ab97ce403110664 -> 
  custom:video-decoder-webm-vp8: 9c59270c3fd7afecdb556c50c9e8de78 -> 
  custom:graphics/normal-map-encoding: 01000000000000000000000000000000 -> 02000000000000000000000000000000
  custom:audio-decoder-ogg-vorbis: bf7c407c2cedff20999df2af8eb42d56 -> 
  custom:audio-encoder-webm-vorbis: bf7c407c2cedff20999df2af8eb42d56 -> 
========================================================================
Received Prepare
Registering precompiled user dll's ...
Registered in 0.003966 seconds.
Begin MonoManager ReloadAssembly
Native extension for WindowsStandalone target not found
Refreshing native plugins compatible for Editor in 0.37 ms, found 2 plugins.
Preloading 0 native plugins for Editor in 0.00 ms.
[Build Check] RegisterBuildPlayerHandler,Already Do not show: True
UnityEngine.StackTraceUtility:ExtractStackTrace ()
UnityEngine.DebugLogHandler:LogFormat (UnityEngine.LogType,UnityEngine.Object,string,object[])
UnityEngine.Logger:Log (UnityEngine.LogType,object)
UnityEngine.Debug:Log (object)
Unity.XR.PXR.Editor.PXR_SDKBuildCheck:.cctor () (at C:/Users/TEMP/Downloads/PicoXR_Platform_SDK-1.2.5_B81/Editor/PXR_SDKBuildCheck.cs:35)
System.Runtime.CompilerServices.RuntimeHelpers:RunClassConstructor (System.RuntimeTypeHandle)
UnityEditor.EditorAssemblies:ProcessInitializeOnLoadAttributes (System.Type[])

(Filename: C:/Users/TEMP/Downloads/PicoXR_Platform_SDK-1.2.5_B81/Editor/PXR_SDKBuildCheck.cs Line: 35)

Mono: successfully reloaded assembly
- Completed reload, in  0.848 seconds
Domain Reload Profiling:
	ReloadAssembly (849ms)
		BeginReloadAssembly (125ms)
			ExecutionOrderSort (0ms)
			DisableScriptedObjects (4ms)
			BackupInstance (0ms)
			ReleaseScriptingObjects (0ms)
			CreateAndSetChildDomain (25ms)
		EndReloadAssembly (671ms)
			LoadAssemblies (123ms)
			RebuildTransferFunctionScriptingTraits (0ms)
			SetupTypeCache (215ms)
			ReleaseScriptCaches (1ms)
			RebuildScriptCaches (33ms)
			SetupLoadedEditorAssemblies (244ms)
				LogAssemblyErrors (0ms)
				InitializePlatformSupportModulesInManaged (3ms)
				SetLoadedEditorAssemblies (0ms)
				RefreshPlugins (1ms)
				BeforeProcessingInitializeOnLoad (42ms)
				ProcessInitializeOnLoadAttributes (182ms)
				ProcessInitializeOnLoadMethodAttributes (13ms)
				AfterProcessingInitializeOnLoad (3ms)
				EditorAssembliesLoaded (0ms)
			ExecutionOrderSort2 (0ms)
			AwakeInstancesAfterBackupRestoration (2ms)
Platform modules already initialized, skipping
Switching build target platform(19) subTarget(0) extendedPlatform(0) -> platform(13) subTarget(524288) extendedPlatform(0)
Refreshing native plugins compatible for Editor in 0.40 ms, found 2 plugins.
Preloading 0 native plugins for Editor in 0.00 ms.
Unloading 1748 Unused Serialized files (Serialized files now loaded: 0)
System memory in use before: 78.9 MB.
System memory in use after: 79.0 MB.

Unloading 14 unused Assets to reduce memory usage. Loaded Objects now: 2252.
Total: 2.566500 ms (FindLiveObjects: 0.125000 ms CreateObjectMapping: 0.041500 ms MarkObjects: 2.356000 ms  DeleteObjects: 0.043500 ms)

AssetImportParameters requested are different than current active one (requested -> active):
  custom:framework-win-MediaFoundation: 216162199b28c13a410421893ffa2e32 -> 
  custom:video-decoder-ogg-theora: a1e56fd34408186e4bbccfd4996cb3dc -> 
  custom:container-muxer-webm: aa71ff27fc2769a1b78a27578f13a17b -> 
  custom:container-demuxer-webm: 4f35f7cbe854078d1ac9338744f61a02 -> 
  custom:container-demuxer-ogg: 62fdf1f143b41e24485cea50d1cbac27 -> 
  custom:video-encoder-webm-vp8: eb34c28f22e8b96e1ab97ce403110664 -> 
  custom:video-decoder-webm-vp8: 9c59270c3fd7afecdb556c50c9e8de78 -> 
  custom:graphics/normal-map-encoding: 01000000000000000000000000000000 -> 02000000000000000000000000000000
  custom:audio-decoder-ogg-vorbis: bf7c407c2cedff20999df2af8eb42d56 -> 
  custom:audio-encoder-webm-vorbis: bf7c407c2cedff20999df2af8eb42d56 -> 
========================================================================
Received Prepare
Refreshing native plugins compatible for Editor in 3.56 ms, found 2 plugins.
Preloading 0 native plugins for Editor in 0.00 ms.
Unloading 10 Unused Serialized files (Serialized files now loaded: 0)
System memory in use before: 44.5 MB.
System memory in use after: 44.6 MB.

Unloading 10 unused Assets to reduce memory usage. Loaded Objects now: 2252.
Total: 2.478400 ms (FindLiveObjects: 0.125700 ms CreateObjectMapping: 0.052200 ms MarkObjects: 2.252100 ms  DeleteObjects: 0.047700 ms)

AssetImportParameters requested are different than current active one (requested -> active):
  custom:framework-win-MediaFoundation: 216162199b28c13a410421893ffa2e32 -> 
  custom:video-decoder-ogg-theora: a1e56fd34408186e4bbccfd4996cb3dc -> 
  custom:container-muxer-webm: aa71ff27fc2769a1b78a27578f13a17b -> 
  custom:container-demuxer-webm: 4f35f7cbe854078d1ac9338744f61a02 -> 
  custom:container-demuxer-ogg: 62fdf1f143b41e24485cea50d1cbac27 -> 
  custom:video-encoder-webm-vp8: eb34c28f22e8b96e1ab97ce403110664 -> 
  custom:video-decoder-webm-vp8: 9c59270c3fd7afecdb556c50c9e8de78 -> 
  custom:audio-decoder-ogg-vorbis: bf7c407c2cedff20999df2af8eb42d56 -> 
  custom:audio-encoder-webm-vorbis: bf7c407c2cedff20999df2af8eb42d56 -> 
========================================================================
Received Prepare
Refreshing native plugins compatible for Editor in 3.70 ms, found 2 plugins.
Preloading 0 native plugins for Editor in 0.00 ms.
Unloading 10 Unused Serialized files (Serialized files now loaded: 0)
System memory in use before: 44.5 MB.
System memory in use after: 44.6 MB.

Unloading 10 unused Assets to reduce memory usage. Loaded Objects now: 2252.
Total: 2.988700 ms (FindLiveObjects: 0.141900 ms CreateObjectMapping: 0.062500 ms MarkObjects: 2.732200 ms  DeleteObjects: 0.051400 ms)

AssetImportParameters requested are different than current active one (requested -> active):
  custom:framework-win-MediaFoundation: 216162199b28c13a410421893ffa2e32 -> 
  custom:video-decoder-ogg-theora: a1e56fd34408186e4bbccfd4996cb3dc -> 
  custom:container-muxer-webm: aa71ff27fc2769a1b78a27578f13a17b -> 
  custom:container-demuxer-webm: 4f35f7cbe854078d1ac9338744f61a02 -> 
  custom:container-demuxer-ogg: 62fdf1f143b41e24485cea50d1cbac27 -> 
  custom:video-encoder-webm-vp8: eb34c28f22e8b96e1ab97ce403110664 -> 
  custom:video-decoder-webm-vp8: 9c59270c3fd7afecdb556c50c9e8de78 -> 
  custom:audio-decoder-ogg-vorbis: bf7c407c2cedff20999df2af8eb42d56 -> 
  custom:audio-encoder-webm-vorbis: bf7c407c2cedff20999df2af8eb42d56 -> 
========================================================================
Received Prepare
Refreshing native plugins compatible for Editor in 3.42 ms, found 2 plugins.
Preloading 0 native plugins for Editor in 0.00 ms.
Unloading 10 Unused Serialized files (Serialized files now loaded: 0)
System memory in use before: 44.5 MB.
System memory in use after: 44.6 MB.

Unloading 10 unused Assets to reduce memory usage. Loaded Objects now: 2252.
Total: 2.380500 ms (FindLiveObjects: 0.130200 ms CreateObjectMapping: 0.047100 ms MarkObjects: 2.165800 ms  DeleteObjects: 0.036900 ms)

AssetImportParameters requested are different than current active one (requested -> active):
  custom:framework-win-MediaFoundation: 216162199b28c13a410421893ffa2e32 -> 
  custom:video-decoder-ogg-theora: a1e56fd34408186e4bbccfd4996cb3dc -> 
  custom:container-muxer-webm: aa71ff27fc2769a1b78a27578f13a17b -> 
  custom:container-demuxer-webm: 4f35f7cbe854078d1ac9338744f61a02 -> 
  custom:container-demuxer-ogg: 62fdf1f143b41e24485cea50d1cbac27 -> 
  custom:video-encoder-webm-vp8: eb34c28f22e8b96e1ab97ce403110664 -> 
  custom:video-decoder-webm-vp8: 9c59270c3fd7afecdb556c50c9e8de78 -> 
  custom:audio-decoder-ogg-vorbis: bf7c407c2cedff20999df2af8eb42d56 -> 
  custom:audio-encoder-webm-vorbis: bf7c407c2cedff20999df2af8eb42d56 -> 
========================================================================
Received Prepare
Refreshing native plugins compatible for Editor in 3.65 ms, found 2 plugins.
Preloading 0 native plugins for Editor in 0.00 ms.
Unloading 10 Unused Serialized files (Serialized files now loaded: 0)
System memory in use before: 44.5 MB.
System memory in use after: 44.6 MB.

Unloading 10 unused Assets to reduce memory usage. Loaded Objects now: 2252.
Total: 2.367000 ms (FindLiveObjects: 0.114700 ms CreateObjectMapping: 0.047700 ms MarkObjects: 2.163500 ms  DeleteObjects: 0.040100 ms)

AssetImportParameters requested are different than current active one (requested -> active):
  custom:framework-win-MediaFoundation: 216162199b28c13a410421893ffa2e32 -> 
  custom:video-decoder-ogg-theora: a1e56fd34408186e4bbccfd4996cb3dc -> 
  custom:container-muxer-webm: aa71ff27fc2769a1b78a27578f13a17b -> 
  custom:container-demuxer-webm: 4f35f7cbe854078d1ac9338744f61a02 -> 
  custom:container-demuxer-ogg: 62fdf1f143b41e24485cea50d1cbac27 -> 
  custom:video-encoder-webm-vp8: eb34c28f22e8b96e1ab97ce403110664 -> 
  custom:video-decoder-webm-vp8: 9c59270c3fd7afecdb556c50c9e8de78 -> 
  custom:audio-decoder-ogg-vorbis: bf7c407c2cedff20999df2af8eb42d56 -> 
  custom:audio-encoder-webm-vorbis: bf7c407c2cedff20999df2af8eb42d56 -> 
========================================================================
Received Prepare
Refreshing native plugins compatible for Editor in 3.77 ms, found 2 plugins.
Preloading 0 native plugins for Editor in 0.00 ms.
Unloading 10 Unused Serialized files (Serialized files now loaded: 0)
System memory in use before: 44.5 MB.
System memory in use after: 44.6 MB.

Unloading 10 unused Assets to reduce memory usage. Loaded Objects now: 2252.
Total: 3.007100 ms (FindLiveObjects: 0.135300 ms CreateObjectMapping: 0.052600 ms MarkObjects: 2.771200 ms  DeleteObjects: 0.047400 ms)

AssetImportParameters requested are different than current active one (requested -> active):
  custom:framework-win-MediaFoundation: 216162199b28c13a410421893ffa2e32 -> 
  custom:video-decoder-ogg-theora: a1e56fd34408186e4bbccfd4996cb3dc -> 
  custom:container-muxer-webm: aa71ff27fc2769a1b78a27578f13a17b -> 
  custom:container-demuxer-webm: 4f35f7cbe854078d1ac9338744f61a02 -> 
  custom:container-demuxer-ogg: 62fdf1f143b41e24485cea50d1cbac27 -> 
  custom:video-encoder-webm-vp8: eb34c28f22e8b96e1ab97ce403110664 -> 
  custom:video-decoder-webm-vp8: 9c59270c3fd7afecdb556c50c9e8de78 -> 
  custom:audio-decoder-ogg-vorbis: bf7c407c2cedff20999df2af8eb42d56 -> 
  custom:audio-encoder-webm-vorbis: bf7c407c2cedff20999df2af8eb42d56 -> 
========================================================================
Received Prepare
Registering precompiled user dll's ...
Registered in 0.003966 seconds.
Begin MonoManager ReloadAssembly
Native extension for WindowsStandalone target not found
Refreshing native plugins compatible for Editor in 0.37 ms, found 2 plugins.
Preloading 0 native plugins for Editor in 0.00 ms.
[Build Check] RegisterBuildPlayerHandler,Already Do not show: True
UnityEngine.StackTraceUtility:ExtractStackTrace ()
UnityEngine.DebugLogHandler:LogFormat (UnityEngine.LogType,UnityEngine.Object,string,object[])
UnityEngine.Logger:Log (UnityEngine.LogType,object)
UnityEngine.Debug:Log (object)
Unity.XR.PXR.Editor.PXR_SDKBuildCheck:.cctor () (at C:/Users/TEMP/Downloads/PicoXR_Platform_SDK-1.2.5_B81/Editor/PXR_SDKBuildCheck.cs:35)
System.Runtime.CompilerServices.RuntimeHelpers:RunClassConstructor (System.RuntimeTypeHandle)
UnityEditor.EditorAssemblies:ProcessInitializeOnLoadAttributes (System.Type[])

(Filename: C:/Users/TEMP/Downloads/PicoXR_Platform_SDK-1.2.5_B81/Editor/PXR_SDKBuildCheck.cs Line: 35)

Mono: successfully reloaded assembly
- Completed reload, in  0.854 seconds
Domain Reload Profiling:
	ReloadAssembly (855ms)
		BeginReloadAssembly (124ms)
			ExecutionOrderSort (0ms)
			DisableScriptedObjects (4ms)
			BackupInstance (0ms)
			ReleaseScriptingObjects (0ms)
			CreateAndSetChildDomain (25ms)
		EndReloadAssembly (685ms)
			LoadAssemblies (121ms)
			RebuildTransferFunctionScriptingTraits (0ms)
			SetupTypeCache (215ms)
			ReleaseScriptCaches (1ms)
			RebuildScriptCaches (33ms)
			SetupLoadedEditorAssemblies (244ms)
				LogAssemblyErrors (0ms)
				InitializePlatformSupportModulesInManaged (3ms)
				SetLoadedEditorAssemblies (0ms)
				RefreshPlugins (1ms)
				BeforeProcessingInitializeOnLoad (43ms)
				ProcessInitializeOnLoadAttributes (181ms)
				ProcessInitializeOnLoadMethodAttributes (13ms)
				AfterProcessingInitializeOnLoad (3ms)
				EditorAssembliesLoaded (0ms)
			ExecutionOrderSort2 (0ms)
			AwakeInstancesAfterBackupRestoration (2ms)
Platform modules already initialized, skipping
Switching build target platform(19) subTarget(0) extendedPlatform(0) -> platform(13) subTarget(524288) extendedPlatform(0)
Refreshing native plugins compatible for Editor in 0.39 ms, found 2 plugins.
Preloading 0 native plugins for Editor in 0.00 ms.
Unloading 1748 Unused Serialized files (Serialized files now loaded: 0)
System memory in use before: 78.9 MB.
System memory in use after: 79.0 MB.

Unloading 14 unused Assets to reduce memory usage. Loaded Objects now: 2256.
Total: 2.451700 ms (FindLiveObjects: 0.132800 ms CreateObjectMapping: 0.047800 ms MarkObjects: 2.223100 ms  DeleteObjects: 0.047500 ms)

AssetImportParameters requested are different than current active one (requested -> active):
  custom:framework-win-MediaFoundation: 216162199b28c13a410421893ffa2e32 -> 
  custom:video-decoder-ogg-theora: a1e56fd34408186e4bbccfd4996cb3dc -> 
  custom:container-muxer-webm: aa71ff27fc2769a1b78a27578f13a17b -> 
  custom:container-demuxer-webm: 4f35f7cbe854078d1ac9338744f61a02 -> 
  custom:container-demuxer-ogg: 62fdf1f143b41e24485cea50d1cbac27 -> 
  custom:video-encoder-webm-vp8: eb34c28f22e8b96e1ab97ce403110664 -> 
  custom:video-decoder-webm-vp8: 9c59270c3fd7afecdb556c50c9e8de78 -> 
  custom:graphics/normal-map-encoding: 01000000000000000000000000000000 -> 02000000000000000000000000000000
  custom:audio-decoder-ogg-vorbis: bf7c407c2cedff20999df2af8eb42d56 -> 
  custom:audio-encoder-webm-vorbis: bf7c407c2cedff20999df2af8eb42d56 -> 
========================================================================
Received Prepare
Refreshing native plugins compatible for Editor in 3.60 ms, found 2 plugins.
Preloading 0 native plugins for Editor in 0.00 ms.
Unloading 10 Unused Serialized files (Serialized files now loaded: 0)
System memory in use before: 44.5 MB.
System memory in use after: 44.6 MB.

Unloading 10 unused Assets to reduce memory usage. Loaded Objects now: 2256.
Total: 2.373200 ms (FindLiveObjects: 0.133600 ms CreateObjectMapping: 0.050600 ms MarkObjects: 2.145300 ms  DeleteObjects: 0.043100 ms)

AssetImportParameters requested are different than current active one (requested -> active):
  custom:framework-win-MediaFoundation: 216162199b28c13a410421893ffa2e32 -> 
  custom:video-decoder-ogg-theora: a1e56fd34408186e4bbccfd4996cb3dc -> 
  custom:container-muxer-webm: aa71ff27fc2769a1b78a27578f13a17b -> 
  custom:container-demuxer-webm: 4f35f7cbe854078d1ac9338744f61a02 -> 
  custom:container-demuxer-ogg: 62fdf1f143b41e24485cea50d1cbac27 -> 
  custom:video-encoder-webm-vp8: eb34c28f22e8b96e1ab97ce403110664 -> 
  custom:video-decoder-webm-vp8: 9c59270c3fd7afecdb556c50c9e8de78 -> 
  custom:audio-decoder-ogg-vorbis: bf7c407c2cedff20999df2af8eb42d56 -> 
  custom:audio-encoder-webm-vorbis: bf7c407c2cedff20999df2af8eb42d56 -> 
========================================================================
Received Import Request.
  Time since last request: 1642.931568 seconds.
  path: Assets/Déchets/0_SFusion_0.jpg
  artifactKey: Guid(8be765186ce2b4140990bb7dacf0fb2d) Importer(815301076,1909f56bfc062723c751e8b465ee728b)
Start importing Assets/Déchets/0_SFusion_0.jpg using Guid(8be765186ce2b4140990bb7dacf0fb2d) Importer(815301076,1909f56bfc062723c751e8b465ee728b)  -> (artifact id: '26fcfa5119f714f4b7cbfa40762209bd') in 0.095547 seconds 
========================================================================
Received Import Request.
  Time since last request: 0.000447 seconds.
  path: Assets/Déchets/7710cc68d0d3379d6765b9b4b50e8f6d.jpeg
  artifactKey: Guid(9ff8b1cca4fa3f240a15c2dffd4e794d) Importer(815301076,1909f56bfc062723c751e8b465ee728b)
Start importing Assets/Déchets/7710cc68d0d3379d6765b9b4b50e8f6d.jpeg using Guid(9ff8b1cca4fa3f240a15c2dffd4e794d) Importer(815301076,1909f56bfc062723c751e8b465ee728b)  -> (artifact id: '2035993f4ea831f7a079e2ea94b4eb6c') in 0.049170 seconds 
========================================================================
Received Import Request.
  Time since last request: 0.000492 seconds.
  path: Assets/Déchets/Trahs_box_UV_for_sketchfab.png
  artifactKey: Guid(860e26a64f63d414b85a4e531c8c75e3) Importer(815301076,1909f56bfc062723c751e8b465ee728b)
Start importing Assets/Déchets/Trahs_box_UV_for_sketchfab.png using Guid(860e26a64f63d414b85a4e531c8c75e3) Importer(815301076,1909f56bfc062723c751e8b465ee728b)  -> (artifact id: '5f9510ccafef52d9d76501431016584a') in 0.044645 seconds 
========================================================================
Received Import Request.
  Time since last request: 0.000487 seconds.
  path: Assets/Déchets/glass_jar_BaseColor.initialShadingGroup.png
  artifactKey: Guid(f8fb1bf2beefa7b4490c4a31a3fce625) Importer(815301076,1909f56bfc062723c751e8b465ee728b)
Start importing Assets/Déchets/glass_jar_BaseColor.initialShadingGroup.png using Guid(f8fb1bf2beefa7b4490c4a31a3fce625) Importer(815301076,1909f56bfc062723c751e8b465ee728b)  -> (artifact id: '98835e7816062e6acc815327fbe0fb72') in 0.057373 seconds 
========================================================================
Received Import Request.
  Time since last request: 0.000496 seconds.
  path: Assets/Déchets/filter_Bake1_pbr_diffuse.png
  artifactKey: Guid(8ce09c986fdcb7249ac012f4018ab89a) Importer(815301076,1909f56bfc062723c751e8b465ee728b)
Start importing Assets/Déchets/filter_Bake1_pbr_diffuse.png using Guid(8ce09c986fdcb7249ac012f4018ab89a) Importer(815301076,1909f56bfc062723c751e8b465ee728b)  -> (artifact id: '83f82e880c7d270b988362ab6514a7a3') in 0.065984 seconds 
========================================================================
Received Import Request.
  Time since last request: 0.000465 seconds.
  path: Assets/Déchets/Untitled26_20231007132315_(1).png
  artifactKey: Guid(a05f4e010f94b644ea0e29bbf3070bbc) Importer(815301076,1909f56bfc062723c751e8b465ee728b)
Start importing Assets/Déchets/Untitled26_20231007132315_(1).png using Guid(a05f4e010f94b644ea0e29bbf3070bbc) Importer(815301076,1909f56bfc062723c751e8b465ee728b)  -> (artifact id: '5e43d6d38398572f7d6a9872fa7eab28') in 0.030041 seconds 
========================================================================
Received Import Request.
  Time since last request: 0.000485 seconds.
  path: Assets/Déchets/Cig_Bake1_pbr_diffuse.png
  artifactKey: Guid(ab85fc04083746b40b628eb8591ab6ed) Importer(815301076,1909f56bfc062723c751e8b465ee728b)
Start importing Assets/Déchets/Cig_Bake1_pbr_diffuse.png using Guid(ab85fc04083746b40b628eb8591ab6ed) Importer(815301076,1909f56bfc062723c751e8b465ee728b)  -> (artifact id: '6b17730f223bc7083f9af97d3a4db53f') in 0.059083 seconds 
========================================================================
Received Import Request.
  Time since last request: 128.757132 seconds.
  path: Assets/Poubelle/Adesivo_Metal.png
  artifactKey: Guid(7565bef137e6f1843a2ea6713a48d665) Importer(815301076,1909f56bfc062723c751e8b465ee728b)
Start importing Assets/Poubelle/Adesivo_Metal.png using Guid(7565bef137e6f1843a2ea6713a48d665) Importer(815301076,1909f56bfc062723c751e8b465ee728b)  -> (artifact id: 'affe8fbcda07e9de77a65609c12e3cf6') in 0.029838 seconds 
========================================================================
Received Import Request.
  Time since last request: 0.000485 seconds.
  path: Assets/Poubelle/Adesivo_Vidro.jpg
  artifactKey: Guid(dfb7b84114bc8ef4c927996b050b7c78) Importer(815301076,1909f56bfc062723c751e8b465ee728b)
Start importing Assets/Poubelle/Adesivo_Vidro.jpg using Guid(dfb7b84114bc8ef4c927996b050b7c78) Importer(815301076,1909f56bfc062723c751e8b465ee728b)  -> (artifact id: 'c41168bce510b320cc5f10fa1ab9d7b8') in 0.029242 seconds 
========================================================================
Received Import Request.
  Time since last request: 0.000486 seconds.
  path: Assets/Poubelle/métaux.gif
  artifactKey: Guid(ff65435c855b6ae46be2b61e94f47f49) Importer(815301076,1909f56bfc062723c751e8b465ee728b)
Start importing Assets/Poubelle/métaux.gif using Guid(ff65435c855b6ae46be2b61e94f47f49) Importer(815301076,1909f56bfc062723c751e8b465ee728b)  -> (artifact id: '8a2c1232450a004fd749a80ef4f9d908') in 0.033250 seconds 
========================================================================
Received Import Request.
  Time since last request: 0.000467 seconds.
  path: Assets/Poubelle/verre.gif
  artifactKey: Guid(df1cb858a9abcb54aa882826ac0761c8) Importer(815301076,1909f56bfc062723c751e8b465ee728b)
Start importing Assets/Poubelle/verre.gif using Guid(df1cb858a9abcb54aa882826ac0761c8) Importer(815301076,1909f56bfc062723c751e8b465ee728b)  -> (artifact id: 'c158d14610ce248bc3de3d7adaa04aee') in 0.019961 seconds 
========================================================================
Received Import Request.
  Time since last request: 0.000490 seconds.
  path: Assets/Poubelle/plastique.gif
  artifactKey: Guid(9ca46c95304d9e84d980828e7f800ac8) Importer(815301076,1909f56bfc062723c751e8b465ee728b)
Start importing Assets/Poubelle/plastique.gif using Guid(9ca46c95304d9e84d980828e7f800ac8) Importer(815301076,1909f56bfc062723c751e8b465ee728b)  -> (artifact id: 'cc3ff88cb7b13d174426408bb764646e') in 0.020014 seconds 
========================================================================
Received Import Request.
  Time since last request: 0.000470 seconds.
  path: Assets/Poubelle/textura_Papel.jpg
  artifactKey: Guid(bdd5771ae2d15de49aa50af3caf5e0e6) Importer(815301076,1909f56bfc062723c751e8b465ee728b)
Start importing Assets/Poubelle/textura_Papel.jpg using Guid(bdd5771ae2d15de49aa50af3caf5e0e6) Importer(815301076,1909f56bfc062723c751e8b465ee728b)  -> (artifact id: '58b0165ba36dfd256c93a6ad3fcb3ded') in 0.028659 seconds 
========================================================================
Received Import Request.
  Time since last request: 0.000517 seconds.
  path: Assets/Poubelle/papier.gif
  artifactKey: Guid(1947c6a83019688429650b8acfac6900) Importer(815301076,1909f56bfc062723c751e8b465ee728b)
Start importing Assets/Poubelle/papier.gif using Guid(1947c6a83019688429650b8acfac6900) Importer(815301076,1909f56bfc062723c751e8b465ee728b)  -> (artifact id: 'ee15223d87a45751ade2c773b3a28fdd') in 0.019559 seconds 
========================================================================
Received Import Request.
  Time since last request: 0.000482 seconds.
  path: Assets/Poubelle/Adesivo_Plastico.jpg
  artifactKey: Guid(6c2c877fdd8814642a90e31cebb25807) Importer(815301076,1909f56bfc062723c751e8b465ee728b)
Start importing Assets/Poubelle/Adesivo_Plastico.jpg using Guid(6c2c877fdd8814642a90e31cebb25807) Importer(815301076,1909f56bfc062723c751e8b465ee728b)  -> (artifact id: '1d9169850d8117572c528f77cac9ffb0') in 0.030276 seconds 
========================================================================
Received Import Request.
  Time since last request: 0.000487 seconds.
  path: Assets/Poubelle/Adesivo_Papel.jpg
  artifactKey: Guid(9adcf449770a6464e9d332a41d8d18de) Importer(815301076,1909f56bfc062723c751e8b465ee728b)
Start importing Assets/Poubelle/Adesivo_Papel.jpg using Guid(9adcf449770a6464e9d332a41d8d18de) Importer(815301076,1909f56bfc062723c751e8b465ee728b)  -> (artifact id: '4e970d777646f45f459582108f9d16cb') in 0.029359 seconds 
========================================================================
Received Import Request.
  Time since last request: 60.889866 seconds.
  path: Assets/Prefabs
  artifactKey: Guid(597c408c249e2a44a8fd59f62242f7a2) Importer(815301076,1909f56bfc062723c751e8b465ee728b)
Start importing Assets/Prefabs using Guid(597c408c249e2a44a8fd59f62242f7a2) Importer(815301076,1909f56bfc062723c751e8b465ee728b)  -> (artifact id: '141cc670f6043874e7a502f3f7e291a5') in 0.010179 seconds 
========================================================================
Received Import Request.
  Time since last request: 44.565292 seconds.
  path: Assets/Prefabs/Cigarette.prefab
  artifactKey: Guid(e1435aeb1ef0be048bec0a8745c9ff53) Importer(815301076,1909f56bfc062723c751e8b465ee728b)
Start importing Assets/Prefabs/Cigarette.prefab using Guid(e1435aeb1ef0be048bec0a8745c9ff53) Importer(815301076,1909f56bfc062723c751e8b465ee728b)  -> (artifact id: 'd32d2e20501478d5a5f6fb60259ccefd') in 0.099123 seconds 
========================================================================
Received Prepare
Refreshing native plugins compatible for Editor in 4.27 ms, found 2 plugins.
Preloading 0 native plugins for Editor in 0.00 ms.
Unloading 10 Unused Serialized files (Serialized files now loaded: 0)
System memory in use before: 48.3 MB.
System memory in use after: 48.4 MB.

Unloading 10 unused Assets to reduce memory usage. Loaded Objects now: 2263.
Total: 3.002600 ms (FindLiveObjects: 0.126500 ms CreateObjectMapping: 0.053100 ms MarkObjects: 2.776800 ms  DeleteObjects: 0.045700 ms)

AssetImportParameters requested are different than current active one (requested -> active):
  custom:framework-win-MediaFoundation: 216162199b28c13a410421893ffa2e32 -> 
  custom:video-decoder-ogg-theora: a1e56fd34408186e4bbccfd4996cb3dc -> 
  custom:container-muxer-webm: aa71ff27fc2769a1b78a27578f13a17b -> 
  custom:container-demuxer-webm: 4f35f7cbe854078d1ac9338744f61a02 -> 
  custom:container-demuxer-ogg: 62fdf1f143b41e24485cea50d1cbac27 -> 
  custom:video-encoder-webm-vp8: eb34c28f22e8b96e1ab97ce403110664 -> 
  custom:video-decoder-webm-vp8: 9c59270c3fd7afecdb556c50c9e8de78 -> 
  custom:audio-decoder-ogg-vorbis: bf7c407c2cedff20999df2af8eb42d56 -> 
  custom:audio-encoder-webm-vorbis: bf7c407c2cedff20999df2af8eb42d56 -> 
========================================================================
Received Import Request.
  Time since last request: 196.727422 seconds.
  path: Assets/Prefabs/Cube (3).prefab
  artifactKey: Guid(707155d960e35c34eb27c921ac72fed4) Importer(815301076,1909f56bfc062723c751e8b465ee728b)
Start importing Assets/Prefabs/Cube (3).prefab using Guid(707155d960e35c34eb27c921ac72fed4) Importer(815301076,1909f56bfc062723c751e8b465ee728b)  -> (artifact id: 'ed26f44b4dcb548091fdc06113448248') in 0.024838 seconds 
========================================================================
Received Import Request.
  Time since last request: 18.794126 seconds.
  path: Assets/Prefabs/Yellow bin.prefab
  artifactKey: Guid(707155d960e35c34eb27c921ac72fed4) Importer(815301076,1909f56bfc062723c751e8b465ee728b)
Start importing Assets/Prefabs/Yellow bin.prefab using Guid(707155d960e35c34eb27c921ac72fed4) Importer(815301076,1909f56bfc062723c751e8b465ee728b)  -> (artifact id: '74b95162ce3ed7c5e0d9242960587564') in 0.026752 seconds 
========================================================================
Received Import Request.
  Time since last request: 9.808487 seconds.
  path: Assets/Prefabs/Cube (2).prefab
  artifactKey: Guid(73493b39ee032d1408a64d73a7004f7a) Importer(815301076,1909f56bfc062723c751e8b465ee728b)
Start importing Assets/Prefabs/Cube (2).prefab using Guid(73493b39ee032d1408a64d73a7004f7a) Importer(815301076,1909f56bfc062723c751e8b465ee728b)  -> (artifact id: '263def7d2737843d5e80b9d38d68d79e') in 0.027253 seconds 
========================================================================
Received Import Request.
  Time since last request: 6.100498 seconds.
  path: Assets/Prefabs/Green bin.prefab
  artifactKey: Guid(73493b39ee032d1408a64d73a7004f7a) Importer(815301076,1909f56bfc062723c751e8b465ee728b)
Start importing Assets/Prefabs/Green bin.prefab using Guid(73493b39ee032d1408a64d73a7004f7a) Importer(815301076,1909f56bfc062723c751e8b465ee728b)  -> (artifact id: 'ae7b8cfabbd66f328b93a3e4ac4e031d') in 0.024060 seconds 
========================================================================
Received Import Request.
  Time since last request: 4.365386 seconds.
  path: Assets/Prefabs/Cube (1).prefab
  artifactKey: Guid(d238d6b589f420c4c9cb160be14ee87a) Importer(815301076,1909f56bfc062723c751e8b465ee728b)
Start importing Assets/Prefabs/Cube (1).prefab using Guid(d238d6b589f420c4c9cb160be14ee87a) Importer(815301076,1909f56bfc062723c751e8b465ee728b)  -> (artifact id: 'f52b2d32557dfdd27eb691a3b93490fe') in 0.023243 seconds 
========================================================================
Received Import Request.
  Time since last request: 20.570188 seconds.
  path: Assets/Prefabs/Blue bin.prefab
  artifactKey: Guid(d238d6b589f420c4c9cb160be14ee87a) Importer(815301076,1909f56bfc062723c751e8b465ee728b)
Start importing Assets/Prefabs/Blue bin.prefab using Guid(d238d6b589f420c4c9cb160be14ee87a) Importer(815301076,1909f56bfc062723c751e8b465ee728b)  -> (artifact id: '9e9603a13d2a0dcadc3258aacc21cb98') in 0.040661 seconds 
========================================================================
Received Import Request.
  Time since last request: 6.432868 seconds.
  path: Assets/Prefabs/Cube.prefab
  artifactKey: Guid(50ccc85f2fe93c9428ad2144d786d284) Importer(815301076,1909f56bfc062723c751e8b465ee728b)
Start importing Assets/Prefabs/Cube.prefab using Guid(50ccc85f2fe93c9428ad2144d786d284) Importer(815301076,1909f56bfc062723c751e8b465ee728b)  -> (artifact id: 'd57223255a636b49ff8a072e4eaea4cc') in 0.023119 seconds 
========================================================================
Received Import Request.
  Time since last request: 5.237731 seconds.
  path: Assets/Prefabs/Red bin.prefab
  artifactKey: Guid(50ccc85f2fe93c9428ad2144d786d284) Importer(815301076,1909f56bfc062723c751e8b465ee728b)
Start importing Assets/Prefabs/Red bin.prefab using Guid(50ccc85f2fe93c9428ad2144d786d284) Importer(815301076,1909f56bfc062723c751e8b465ee728b)  -> (artifact id: '71c686e5579f488f462a1feb243088b9') in 0.036523 seconds 
AssetImportWorkerClient::OnTransportError - code=2 error=End of file
